11:24:47 INFO MainThread Server_40113386 Created database Server_40113386
11:24:47 INFO MainThread Server_40113386 Created table Server_40113386
11:24:47 INFO MainThread Server_2074138841 Created database Server_2074138841
11:24:47 INFO MainThread Server_2074138841 Created table Server_2074138841
11:24:47 INFO MainThread Server_1240068875 Created database Server_1240068875
11:24:47 INFO MainThread Server_1240068875 Created table Server_1240068875
11:24:47 INFO MainThread Server_3456558795 Created database Server_3456558795
11:24:47 INFO MainThread Server_3456558795 Created table Server_3456558795
11:24:49 INFO MainThread Seed_1 Listening on 172.24.8.181:9001
11:24:49 INFO MainThread Seed_3 Listening on 172.24.8.181:9003
11:24:49 INFO MainThread Seed_2 Listening on 172.24.8.181:9002
11:24:49 INFO MainThread Seed_0 Listening on 172.24.8.181:9000
11:24:49 INFO MainThread Server_40113386 Listening on 172.24.8.181:9004
11:24:49 INFO udp_server Server_40113386 UDP server listening on 172.24.8.181:9004
11:24:49 INFO MainThread Server_2074138841 Listening on 172.24.8.181:9005
11:24:49 INFO udp_server Server_2074138841 UDP server listening on 172.24.8.181:9005
11:24:49 INFO MainThread Server_1240068875 Listening on 172.24.8.181:9006
11:24:49 INFO udp_server Server_1240068875 UDP server listening on 172.24.8.181:9006
11:24:49 INFO MainThread Server_3456558795 Listening on 172.24.8.181:9007
11:24:49 INFO udp_server Server_3456558795 UDP server listening on 172.24.8.181:9007
11:24:53 INFO listen#52398 Server_2074138841 8
11:24:54 INFO listen#34804 Server_3456558795 8
11:24:55 INFO listen#35068 Server_3456558795 8
11:24:55 INFO listen#52398 Server_2074138841 8
11:24:55 INFO listen#52712 Server_2074138841 8
11:24:58 INFO listen#52398 Server_2074138841 8
11:24:58 INFO listen#44718 Server_1240068875 8
11:24:58 INFO listen#40984 Server_40113386 8
11:24:59 INFO listen#36558 Server_1240068875 8
11:25:00 INFO listen#41226 Server_40113386 8
11:25:01 INFO listen#60898 Server_2074138841 8
11:25:01 INFO listen#52712 Server_2074138841 8
11:25:02 INFO listen#48986 Server_3456558795 8
11:25:03 INFO listen#49306 Server_3456558795 8
11:25:05 INFO listen#41534 Server_40113386 8
11:25:05 INFO listen#36558 Server_1240068875 8
11:25:05 INFO listen#34804 Server_3456558795 8
11:25:06 INFO listen#32978 Server_2074138841 8
11:25:07 INFO listen#41846 Server_40113386 8
11:25:07 INFO udp_server Server_1240068875 Recieved PUT request {"type": "PUT", "key": "a_0", "val": 0}
11:25:07 INFO udp_server Server_1240068875 coor: 8 len: 8 for key: a_0
11:25:07 INFO udp_server Server_1240068875 Redirecting PUT request {"type": "PUT", "key": "a_0", "val": 0} to Name=Server_40113386,Address=172.24.8.181:9004,
11:25:07 INFO listen#42114 Server_40113386 Recieved PUT request {"type": "PUT", "key": "a_0", "val": 0}
11:25:07 INFO listen#42114 Server_40113386 coor: 8 len: 8 for key: a_0
11:25:07 INFO listen#42114 Server_40113386 coor: 8 len: 8 for key: a_0
11:25:07 INFO listen#42114 Server_40113386 [j: 5, len: 8]
11:25:07 INFO listen#42114 Server_40113386 [j: 6, len: 8]
11:25:07 INFO listen#42114 Server_40113386 Correct Coordinator for request: {"type": "PUT", "key": "a_0", "val": 0} : Preference list [ServerInfo(name='Server_1240068875', host='172.24.8.181', port=9006), ServerInfo(name='Server_2074138841', host='172.24.8.181', port=9005)]
11:25:07 INFO listen#32978 Server_2074138841 Recieved RPUT request {"type": "RPUT", "key": "a_0", "val": 0, "ver": "{\"Server_40113386\": \"1\", \"Server_1240068875\": \"0\", \"Server_2074138841\": \"0\"}"}
11:25:07 INFO listen#36558 Server_1240068875 Recieved RPUT request {"type": "RPUT", "key": "a_0", "val": 0, "ver": "{\"Server_40113386\": \"1\", \"Server_1240068875\": \"0\", \"Server_2074138841\": \"0\"}"}
11:25:07 INFO udp_server Server_40113386 Recieved PUT request {"type": "PUT", "key": "a_1", "val": 1}
11:25:07 INFO udp_server Server_40113386 coor: 8 len: 8 for key: a_1
11:25:07 INFO udp_server Server_40113386 coor: 8 len: 8 for key: a_1
11:25:07 INFO udp_server Server_40113386 [j: 5, len: 8]
11:25:07 INFO udp_server Server_40113386 [j: 6, len: 8]
11:25:07 INFO udp_server Server_40113386 Correct Coordinator for request: {"type": "PUT", "key": "a_1", "val": 1} : Preference list [ServerInfo(name='Server_1240068875', host='172.24.8.181', port=9006), ServerInfo(name='Server_2074138841', host='172.24.8.181', port=9005)]
11:25:07 INFO listen#36558 Server_1240068875 Recieved RPUT request {"type": "RPUT", "key": "a_1", "val": 1, "ver": "{\"Server_40113386\": \"1\", \"Server_1240068875\": \"0\", \"Server_2074138841\": \"0\"}"}
11:25:07 INFO listen#32978 Server_2074138841 Recieved RPUT request {"type": "RPUT", "key": "a_1", "val": 1, "ver": "{\"Server_40113386\": \"1\", \"Server_1240068875\": \"0\", \"Server_2074138841\": \"0\"}"}
11:25:07 INFO udp_server Server_3456558795 Recieved PUT request {"type": "PUT", "key": "a_2", "val": 2}
11:25:07 INFO udp_server Server_3456558795 coor: 8 len: 8 for key: a_2
11:25:07 INFO udp_server Server_3456558795 Redirecting PUT request {"type": "PUT", "key": "a_2", "val": 2} to Name=Server_40113386,Address=172.24.8.181:9004,
11:25:07 INFO listen#42374 Server_40113386 Recieved PUT request {"type": "PUT", "key": "a_2", "val": 2}
11:25:07 INFO listen#42374 Server_40113386 coor: 8 len: 8 for key: a_2
11:25:07 INFO listen#42374 Server_40113386 coor: 8 len: 8 for key: a_2
11:25:07 INFO listen#42374 Server_40113386 [j: 5, len: 8]
11:25:07 INFO listen#42374 Server_40113386 [j: 6, len: 8]
11:25:07 INFO listen#42374 Server_40113386 Correct Coordinator for request: {"type": "PUT", "key": "a_2", "val": 2} : Preference list [ServerInfo(name='Server_1240068875', host='172.24.8.181', port=9006), ServerInfo(name='Server_2074138841', host='172.24.8.181', port=9005)]
11:25:07 INFO listen#36558 Server_1240068875 Recieved RPUT request {"type": "RPUT", "key": "a_2", "val": 2, "ver": "{\"Server_40113386\": \"1\", \"Server_1240068875\": \"0\", \"Server_2074138841\": \"0\"}"}
11:25:07 INFO listen#32978 Server_2074138841 Recieved RPUT request {"type": "RPUT", "key": "a_2", "val": 2, "ver": "{\"Server_40113386\": \"1\", \"Server_1240068875\": \"0\", \"Server_2074138841\": \"0\"}"}
11:25:07 INFO udp_server Server_2074138841 Recieved PUT request {"type": "PUT", "key": "a_3", "val": 3}
11:25:07 INFO udp_server Server_2074138841 coor: 8 len: 8 for key: a_3
11:25:07 INFO udp_server Server_2074138841 Redirecting PUT request {"type": "PUT", "key": "a_3", "val": 3} to Name=Server_40113386,Address=172.24.8.181:9004,
11:25:07 INFO listen#40984 Server_40113386 Recieved PUT request {"type": "PUT", "key": "a_3", "val": 3}
11:25:07 INFO listen#40984 Server_40113386 coor: 8 len: 8 for key: a_3
11:25:07 INFO listen#40984 Server_40113386 coor: 8 len: 8 for key: a_3
11:25:07 INFO listen#40984 Server_40113386 [j: 5, len: 8]
11:25:07 INFO listen#40984 Server_40113386 [j: 6, len: 8]
11:25:07 INFO listen#40984 Server_40113386 Correct Coordinator for request: {"type": "PUT", "key": "a_3", "val": 3} : Preference list [ServerInfo(name='Server_1240068875', host='172.24.8.181', port=9006), ServerInfo(name='Server_2074138841', host='172.24.8.181', port=9005)]
11:25:07 INFO listen#36558 Server_1240068875 Recieved RPUT request {"type": "RPUT", "key": "a_3", "val": 3, "ver": "{\"Server_40113386\": \"1\", \"Server_1240068875\": \"0\", \"Server_2074138841\": \"0\"}"}
11:25:07 INFO listen#32978 Server_2074138841 Recieved RPUT request {"type": "RPUT", "key": "a_3", "val": 3, "ver": "{\"Server_40113386\": \"1\", \"Server_1240068875\": \"0\", \"Server_2074138841\": \"0\"}"}
11:25:07 INFO udp_server Server_3456558795 Recieved PUT request {"type": "PUT", "key": "a_4", "val": 4}
11:25:07 INFO udp_server Server_3456558795 coor: 8 len: 8 for key: a_4
11:25:07 INFO udp_server Server_3456558795 Redirecting PUT request {"type": "PUT", "key": "a_4", "val": 4} to Name=Server_40113386,Address=172.24.8.181:9004,
11:25:07 INFO listen#42374 Server_40113386 Recieved PUT request {"type": "PUT", "key": "a_4", "val": 4}
11:25:07 INFO listen#42374 Server_40113386 coor: 8 len: 8 for key: a_4
11:25:07 INFO listen#42374 Server_40113386 coor: 8 len: 8 for key: a_4
11:25:07 INFO listen#42374 Server_40113386 [j: 5, len: 8]
11:25:07 INFO listen#42374 Server_40113386 [j: 6, len: 8]
11:25:07 INFO listen#42374 Server_40113386 Correct Coordinator for request: {"type": "PUT", "key": "a_4", "val": 4} : Preference list [ServerInfo(name='Server_1240068875', host='172.24.8.181', port=9006), ServerInfo(name='Server_2074138841', host='172.24.8.181', port=9005)]
11:25:07 INFO listen#36558 Server_1240068875 Recieved RPUT request {"type": "RPUT", "key": "a_4", "val": 4, "ver": "{\"Server_40113386\": \"1\", \"Server_1240068875\": \"0\", \"Server_2074138841\": \"0\"}"}
11:25:07 INFO listen#32978 Server_2074138841 Recieved RPUT request {"type": "RPUT", "key": "a_4", "val": 4, "ver": "{\"Server_40113386\": \"1\", \"Server_1240068875\": \"0\", \"Server_2074138841\": \"0\"}"}
11:25:07 INFO udp_server Server_1240068875 Recieved PUT request {"type": "PUT", "key": "a_5", "val": 5}
11:25:07 INFO udp_server Server_1240068875 coor: 8 len: 8 for key: a_5
11:25:07 INFO udp_server Server_1240068875 Redirecting PUT request {"type": "PUT", "key": "a_5", "val": 5} to Name=Server_40113386,Address=172.24.8.181:9004,
11:25:07 INFO listen#42114 Server_40113386 Recieved PUT request {"type": "PUT", "key": "a_5", "val": 5}
11:25:07 INFO listen#42114 Server_40113386 coor: 8 len: 8 for key: a_5
11:25:07 INFO listen#42114 Server_40113386 coor: 8 len: 8 for key: a_5
11:25:07 INFO listen#42114 Server_40113386 [j: 5, len: 8]
11:25:07 INFO listen#42114 Server_40113386 [j: 6, len: 8]
11:25:07 INFO listen#42114 Server_40113386 Correct Coordinator for request: {"type": "PUT", "key": "a_5", "val": 5} : Preference list [ServerInfo(name='Server_1240068875', host='172.24.8.181', port=9006), ServerInfo(name='Server_2074138841', host='172.24.8.181', port=9005)]
11:25:07 INFO listen#36558 Server_1240068875 Recieved RPUT request {"type": "RPUT", "key": "a_5", "val": 5, "ver": "{\"Server_40113386\": \"1\", \"Server_1240068875\": \"0\", \"Server_2074138841\": \"0\"}"}
11:25:07 INFO listen#32978 Server_2074138841 Recieved RPUT request {"type": "RPUT", "key": "a_5", "val": 5, "ver": "{\"Server_40113386\": \"1\", \"Server_1240068875\": \"0\", \"Server_2074138841\": \"0\"}"}
11:25:07 INFO udp_server Server_40113386 Recieved PUT request {"type": "PUT", "key": "a_6", "val": 6}
11:25:07 INFO udp_server Server_40113386 coor: 8 len: 8 for key: a_6
11:25:07 INFO udp_server Server_40113386 coor: 8 len: 8 for key: a_6
11:25:07 INFO udp_server Server_40113386 [j: 5, len: 8]
11:25:07 INFO udp_server Server_40113386 [j: 6, len: 8]
11:25:07 INFO udp_server Server_40113386 Correct Coordinator for request: {"type": "PUT", "key": "a_6", "val": 6} : Preference list [ServerInfo(name='Server_1240068875', host='172.24.8.181', port=9006), ServerInfo(name='Server_2074138841', host='172.24.8.181', port=9005)]
11:25:07 INFO listen#36558 Server_1240068875 Recieved RPUT request {"type": "RPUT", "key": "a_6", "val": 6, "ver": "{\"Server_40113386\": \"1\", \"Server_1240068875\": \"0\", \"Server_2074138841\": \"0\"}"}
11:25:07 INFO listen#32978 Server_2074138841 Recieved RPUT request {"type": "RPUT", "key": "a_6", "val": 6, "ver": "{\"Server_40113386\": \"1\", \"Server_1240068875\": \"0\", \"Server_2074138841\": \"0\"}"}
11:25:07 INFO udp_server Server_40113386 Recieved PUT request {"type": "PUT", "key": "a_7", "val": 7}
11:25:07 INFO udp_server Server_40113386 coor: 8 len: 8 for key: a_7
11:25:07 INFO udp_server Server_40113386 coor: 8 len: 8 for key: a_7
11:25:07 INFO udp_server Server_40113386 [j: 5, len: 8]
11:25:07 INFO udp_server Server_40113386 [j: 6, len: 8]
11:25:07 INFO udp_server Server_40113386 Correct Coordinator for request: {"type": "PUT", "key": "a_7", "val": 7} : Preference list [ServerInfo(name='Server_1240068875', host='172.24.8.181', port=9006), ServerInfo(name='Server_2074138841', host='172.24.8.181', port=9005)]
11:25:07 INFO listen#36558 Server_1240068875 Recieved RPUT request {"type": "RPUT", "key": "a_7", "val": 7, "ver": "{\"Server_40113386\": \"1\", \"Server_1240068875\": \"0\", \"Server_2074138841\": \"0\"}"}
11:25:07 INFO listen#32978 Server_2074138841 Recieved RPUT request {"type": "RPUT", "key": "a_7", "val": 7, "ver": "{\"Server_40113386\": \"1\", \"Server_1240068875\": \"0\", \"Server_2074138841\": \"0\"}"}
11:25:07 INFO udp_server Server_1240068875 Recieved PUT request {"type": "PUT", "key": "a_8", "val": 8}
11:25:07 INFO udp_server Server_1240068875 coor: 8 len: 8 for key: a_8
11:25:07 INFO udp_server Server_1240068875 Redirecting PUT request {"type": "PUT", "key": "a_8", "val": 8} to Name=Server_40113386,Address=172.24.8.181:9004,
11:25:07 INFO listen#42114 Server_40113386 Recieved PUT request {"type": "PUT", "key": "a_8", "val": 8}
11:25:07 INFO listen#42114 Server_40113386 coor: 8 len: 8 for key: a_8
11:25:07 INFO listen#42114 Server_40113386 coor: 8 len: 8 for key: a_8
11:25:07 INFO listen#42114 Server_40113386 [j: 5, len: 8]
11:25:07 INFO listen#42114 Server_40113386 [j: 6, len: 8]
11:25:07 INFO listen#42114 Server_40113386 Correct Coordinator for request: {"type": "PUT", "key": "a_8", "val": 8} : Preference list [ServerInfo(name='Server_1240068875', host='172.24.8.181', port=9006), ServerInfo(name='Server_2074138841', host='172.24.8.181', port=9005)]
11:25:07 INFO listen#36558 Server_1240068875 Recieved RPUT request {"type": "RPUT", "key": "a_8", "val": 8, "ver": "{\"Server_40113386\": \"1\", \"Server_1240068875\": \"0\", \"Server_2074138841\": \"0\"}"}
11:25:07 INFO listen#32978 Server_2074138841 Recieved RPUT request {"type": "RPUT", "key": "a_8", "val": 8, "ver": "{\"Server_40113386\": \"1\", \"Server_1240068875\": \"0\", \"Server_2074138841\": \"0\"}"}
11:25:07 INFO udp_server Server_3456558795 Recieved PUT request {"type": "PUT", "key": "a_9", "val": 9}
11:25:07 INFO udp_server Server_3456558795 coor: 8 len: 8 for key: a_9
11:25:07 INFO udp_server Server_3456558795 Redirecting PUT request {"type": "PUT", "key": "a_9", "val": 9} to Name=Server_40113386,Address=172.24.8.181:9004,
11:25:07 INFO listen#42374 Server_40113386 Recieved PUT request {"type": "PUT", "key": "a_9", "val": 9}
11:25:07 INFO listen#42374 Server_40113386 coor: 8 len: 8 for key: a_9
11:25:07 INFO listen#42374 Server_40113386 coor: 8 len: 8 for key: a_9
11:25:07 INFO listen#42374 Server_40113386 [j: 5, len: 8]
11:25:07 INFO listen#42374 Server_40113386 [j: 6, len: 8]
11:25:07 INFO listen#42374 Server_40113386 Correct Coordinator for request: {"type": "PUT", "key": "a_9", "val": 9} : Preference list [ServerInfo(name='Server_1240068875', host='172.24.8.181', port=9006), ServerInfo(name='Server_2074138841', host='172.24.8.181', port=9005)]
11:25:07 INFO listen#36558 Server_1240068875 Recieved RPUT request {"type": "RPUT", "key": "a_9", "val": 9, "ver": "{\"Server_40113386\": \"1\", \"Server_1240068875\": \"0\", \"Server_2074138841\": \"0\"}"}
11:25:07 INFO listen#32978 Server_2074138841 Recieved RPUT request {"type": "RPUT", "key": "a_9", "val": 9, "ver": "{\"Server_40113386\": \"1\", \"Server_1240068875\": \"0\", \"Server_2074138841\": \"0\"}"}
11:25:07 INFO udp_server Server_3456558795 Recieved GET request {"type": "GET", "key": "a_0"}
11:25:07 INFO udp_server Server_3456558795 coor: 8 len: 8 for key: a_0
11:25:07 INFO udp_server Server_3456558795 Redirecting GET request to Name=Server_40113386,Address=172.24.8.181:9004,
11:25:07 INFO listen#42374 Server_40113386 Recieved GET request {"type": "GET", "key": "a_0"}
11:25:07 INFO listen#42374 Server_40113386 coor: 8 len: 8 for key: a_0
11:25:07 INFO listen#42374 Server_40113386 coor: 8 len: 8 for key: a_0
11:25:07 INFO listen#42374 Server_40113386 [j: 5, len: 8]
11:25:07 INFO listen#42374 Server_40113386 [j: 6, len: 8]
11:25:07 INFO listen#42374 Server_40113386 Correct Coordinator for request: {"type": "GET", "key": "a_0"} : Preference list [ServerInfo(name='Server_1240068875', host='172.24.8.181', port=9006), ServerInfo(name='Server_2074138841', host='172.24.8.181', port=9005)]
11:25:07 INFO listen#36558 Server_1240068875 Recieved RGET request {"type": "RGET", "key": "a_0"}
11:25:07 INFO listen#32978 Server_2074138841 Recieved RGET request {"type": "RGET", "key": "a_0"}
11:25:07 INFO listen#42374 Server_40113386 Replying get request {"type": "RGET", "key": "a_0"}: key: a_0, val: ('0',)
11:25:07 INFO MainThread maintest b'{"status": "1", "key": "a_0", "val": ["0"]}'
11:25:07 INFO udp_server Server_40113386 Recieved GET request {"type": "GET", "key": "a_1"}
11:25:07 INFO udp_server Server_40113386 coor: 8 len: 8 for key: a_1
11:25:07 INFO udp_server Server_40113386 coor: 8 len: 8 for key: a_1
11:25:07 INFO udp_server Server_40113386 [j: 5, len: 8]
11:25:07 INFO udp_server Server_40113386 [j: 6, len: 8]
11:25:07 INFO udp_server Server_40113386 Correct Coordinator for request: {"type": "GET", "key": "a_1"} : Preference list [ServerInfo(name='Server_1240068875', host='172.24.8.181', port=9006), ServerInfo(name='Server_2074138841', host='172.24.8.181', port=9005)]
11:25:07 INFO listen#32978 Server_2074138841 Recieved RGET request {"type": "RGET", "key": "a_1"}
11:25:07 INFO listen#36558 Server_1240068875 Recieved RGET request {"type": "RGET", "key": "a_1"}
11:25:07 INFO udp_server Server_40113386 Replying get request {"type": "RGET", "key": "a_1"}: key: a_1, val: ('1',)
11:25:07 INFO MainThread maintest b'{"status": "1", "key": "a_1", "val": ["1"]}'
11:25:07 INFO udp_server Server_1240068875 Recieved GET request {"type": "GET", "key": "a_2"}
11:25:07 INFO udp_server Server_1240068875 coor: 8 len: 8 for key: a_2
11:25:07 INFO udp_server Server_1240068875 Redirecting GET request to Name=Server_40113386,Address=172.24.8.181:9004,
11:25:07 INFO listen#42114 Server_40113386 Recieved GET request {"type": "GET", "key": "a_2"}
11:25:07 INFO listen#42114 Server_40113386 coor: 8 len: 8 for key: a_2
11:25:07 INFO listen#42114 Server_40113386 coor: 8 len: 8 for key: a_2
11:25:07 INFO listen#42114 Server_40113386 [j: 5, len: 8]
11:25:07 INFO listen#42114 Server_40113386 [j: 6, len: 8]
11:25:07 INFO listen#42114 Server_40113386 Correct Coordinator for request: {"type": "GET", "key": "a_2"} : Preference list [ServerInfo(name='Server_1240068875', host='172.24.8.181', port=9006), ServerInfo(name='Server_2074138841', host='172.24.8.181', port=9005)]
11:25:07 INFO listen#36558 Server_1240068875 Recieved RGET request {"type": "RGET", "key": "a_2"}
11:25:07 INFO listen#32978 Server_2074138841 Recieved RGET request {"type": "RGET", "key": "a_2"}
11:25:07 INFO listen#42114 Server_40113386 Replying get request {"type": "RGET", "key": "a_2"}: key: a_2, val: ('2',)
11:25:07 INFO MainThread maintest b'{"status": "1", "key": "a_2", "val": ["2"]}'
11:25:07 INFO udp_server Server_2074138841 Recieved GET request {"type": "GET", "key": "a_3"}
11:25:07 INFO udp_server Server_2074138841 coor: 8 len: 8 for key: a_3
11:25:07 INFO udp_server Server_2074138841 Redirecting GET request to Name=Server_40113386,Address=172.24.8.181:9004,
11:25:07 INFO listen#40984 Server_40113386 Recieved GET request {"type": "GET", "key": "a_3"}
11:25:07 INFO listen#40984 Server_40113386 coor: 8 len: 8 for key: a_3
11:25:07 INFO listen#40984 Server_40113386 coor: 8 len: 8 for key: a_3
11:25:07 INFO listen#40984 Server_40113386 [j: 5, len: 8]
11:25:07 INFO listen#40984 Server_40113386 [j: 6, len: 8]
11:25:07 INFO listen#40984 Server_40113386 Correct Coordinator for request: {"type": "GET", "key": "a_3"} : Preference list [ServerInfo(name='Server_1240068875', host='172.24.8.181', port=9006), ServerInfo(name='Server_2074138841', host='172.24.8.181', port=9005)]
11:25:07 INFO listen#36558 Server_1240068875 Recieved RGET request {"type": "RGET", "key": "a_3"}
11:25:07 INFO listen#32978 Server_2074138841 Recieved RGET request {"type": "RGET", "key": "a_3"}
11:25:07 INFO listen#40984 Server_40113386 Replying get request {"type": "RGET", "key": "a_3"}: key: a_3, val: ('3',)
11:25:07 INFO MainThread maintest b'{"status": "1", "key": "a_3", "val": ["3"]}'
11:25:07 INFO udp_server Server_40113386 Recieved GET request {"type": "GET", "key": "a_4"}
11:25:07 INFO udp_server Server_40113386 coor: 8 len: 8 for key: a_4
11:25:07 INFO udp_server Server_40113386 coor: 8 len: 8 for key: a_4
11:25:07 INFO udp_server Server_40113386 [j: 5, len: 8]
11:25:07 INFO udp_server Server_40113386 [j: 6, len: 8]
11:25:07 INFO udp_server Server_40113386 Correct Coordinator for request: {"type": "GET", "key": "a_4"} : Preference list [ServerInfo(name='Server_1240068875', host='172.24.8.181', port=9006), ServerInfo(name='Server_2074138841', host='172.24.8.181', port=9005)]
11:25:07 INFO listen#36558 Server_1240068875 Recieved RGET request {"type": "RGET", "key": "a_4"}
11:25:07 INFO listen#32978 Server_2074138841 Recieved RGET request {"type": "RGET", "key": "a_4"}
11:25:07 INFO udp_server Server_40113386 Replying get request {"type": "RGET", "key": "a_4"}: key: a_4, val: ('4',)
11:25:07 INFO MainThread maintest b'{"status": "1", "key": "a_4", "val": ["4"]}'
11:25:07 INFO udp_server Server_1240068875 Recieved GET request {"type": "GET", "key": "a_5"}
11:25:07 INFO udp_server Server_1240068875 coor: 8 len: 8 for key: a_5
11:25:07 INFO udp_server Server_1240068875 Redirecting GET request to Name=Server_40113386,Address=172.24.8.181:9004,
11:25:07 INFO listen#42114 Server_40113386 Recieved GET request {"type": "GET", "key": "a_5"}
11:25:07 INFO listen#42114 Server_40113386 coor: 8 len: 8 for key: a_5
11:25:07 INFO listen#42114 Server_40113386 coor: 8 len: 8 for key: a_5
11:25:07 INFO listen#42114 Server_40113386 [j: 5, len: 8]
11:25:07 INFO listen#42114 Server_40113386 [j: 6, len: 8]
11:25:07 INFO listen#42114 Server_40113386 Correct Coordinator for request: {"type": "GET", "key": "a_5"} : Preference list [ServerInfo(name='Server_1240068875', host='172.24.8.181', port=9006), ServerInfo(name='Server_2074138841', host='172.24.8.181', port=9005)]
11:25:07 INFO listen#36558 Server_1240068875 Recieved RGET request {"type": "RGET", "key": "a_5"}
11:25:07 INFO listen#32978 Server_2074138841 Recieved RGET request {"type": "RGET", "key": "a_5"}
11:25:07 INFO listen#42114 Server_40113386 Replying get request {"type": "RGET", "key": "a_5"}: key: a_5, val: ('5',)
11:25:07 INFO MainThread maintest b'{"status": "1", "key": "a_5", "val": ["5"]}'
11:25:07 INFO udp_server Server_1240068875 Recieved GET request {"type": "GET", "key": "a_6"}
11:25:07 INFO udp_server Server_1240068875 coor: 8 len: 8 for key: a_6
11:25:07 INFO udp_server Server_1240068875 Redirecting GET request to Name=Server_40113386,Address=172.24.8.181:9004,
11:25:07 INFO listen#42114 Server_40113386 Recieved GET request {"type": "GET", "key": "a_6"}
11:25:07 INFO listen#42114 Server_40113386 coor: 8 len: 8 for key: a_6
11:25:07 INFO listen#42114 Server_40113386 coor: 8 len: 8 for key: a_6
11:25:07 INFO listen#42114 Server_40113386 [j: 5, len: 8]
11:25:07 INFO listen#42114 Server_40113386 [j: 6, len: 8]
11:25:07 INFO listen#42114 Server_40113386 Correct Coordinator for request: {"type": "GET", "key": "a_6"} : Preference list [ServerInfo(name='Server_1240068875', host='172.24.8.181', port=9006), ServerInfo(name='Server_2074138841', host='172.24.8.181', port=9005)]
11:25:07 INFO listen#36558 Server_1240068875 Recieved RGET request {"type": "RGET", "key": "a_6"}
11:25:07 INFO listen#32978 Server_2074138841 Recieved RGET request {"type": "RGET", "key": "a_6"}
11:25:07 INFO listen#42114 Server_40113386 Replying get request {"type": "RGET", "key": "a_6"}: key: a_6, val: ('6',)
11:25:07 INFO MainThread maintest b'{"status": "1", "key": "a_6", "val": ["6"]}'
11:25:07 INFO udp_server Server_2074138841 Recieved GET request {"type": "GET", "key": "a_7"}
11:25:07 INFO udp_server Server_2074138841 coor: 8 len: 8 for key: a_7
11:25:07 INFO udp_server Server_2074138841 Redirecting GET request to Name=Server_40113386,Address=172.24.8.181:9004,
11:25:07 INFO listen#40984 Server_40113386 Recieved GET request {"type": "GET", "key": "a_7"}
11:25:07 INFO listen#40984 Server_40113386 coor: 8 len: 8 for key: a_7
11:25:07 INFO listen#40984 Server_40113386 coor: 8 len: 8 for key: a_7
11:25:07 INFO listen#40984 Server_40113386 [j: 5, len: 8]
11:25:07 INFO listen#40984 Server_40113386 [j: 6, len: 8]
11:25:07 INFO listen#40984 Server_40113386 Correct Coordinator for request: {"type": "GET", "key": "a_7"} : Preference list [ServerInfo(name='Server_1240068875', host='172.24.8.181', port=9006), ServerInfo(name='Server_2074138841', host='172.24.8.181', port=9005)]
11:25:07 INFO listen#36558 Server_1240068875 Recieved RGET request {"type": "RGET", "key": "a_7"}
11:25:07 INFO listen#32978 Server_2074138841 Recieved RGET request {"type": "RGET", "key": "a_7"}
11:25:07 INFO listen#40984 Server_40113386 Replying get request {"type": "RGET", "key": "a_7"}: key: a_7, val: ('7',)
11:25:07 INFO MainThread maintest b'{"status": "1", "key": "a_7", "val": ["7"]}'
11:25:07 INFO udp_server Server_3456558795 Recieved GET request {"type": "GET", "key": "a_8"}
11:25:07 INFO udp_server Server_3456558795 coor: 8 len: 8 for key: a_8
11:25:07 INFO udp_server Server_3456558795 Redirecting GET request to Name=Server_40113386,Address=172.24.8.181:9004,
11:25:07 INFO listen#42374 Server_40113386 Recieved GET request {"type": "GET", "key": "a_8"}
11:25:07 INFO listen#42374 Server_40113386 coor: 8 len: 8 for key: a_8
11:25:07 INFO listen#42374 Server_40113386 coor: 8 len: 8 for key: a_8
11:25:07 INFO listen#42374 Server_40113386 [j: 5, len: 8]
11:25:07 INFO listen#42374 Server_40113386 [j: 6, len: 8]
11:25:07 INFO listen#42374 Server_40113386 Correct Coordinator for request: {"type": "GET", "key": "a_8"} : Preference list [ServerInfo(name='Server_1240068875', host='172.24.8.181', port=9006), ServerInfo(name='Server_2074138841', host='172.24.8.181', port=9005)]
11:25:07 INFO listen#36558 Server_1240068875 Recieved RGET request {"type": "RGET", "key": "a_8"}
11:25:07 INFO listen#32978 Server_2074138841 Recieved RGET request {"type": "RGET", "key": "a_8"}
11:25:07 INFO listen#42374 Server_40113386 Replying get request {"type": "RGET", "key": "a_8"}: key: a_8, val: ('8',)
11:25:07 INFO MainThread maintest b'{"status": "1", "key": "a_8", "val": ["8"]}'
11:25:07 INFO udp_server Server_1240068875 Recieved GET request {"type": "GET", "key": "a_9"}
11:25:07 INFO udp_server Server_1240068875 coor: 8 len: 8 for key: a_9
11:25:07 INFO udp_server Server_1240068875 Redirecting GET request to Name=Server_40113386,Address=172.24.8.181:9004,
11:25:07 INFO listen#42114 Server_40113386 Recieved GET request {"type": "GET", "key": "a_9"}
11:25:07 INFO listen#42114 Server_40113386 coor: 8 len: 8 for key: a_9
11:25:07 INFO listen#42114 Server_40113386 coor: 8 len: 8 for key: a_9
11:25:07 INFO listen#42114 Server_40113386 [j: 5, len: 8]
11:25:07 INFO listen#42114 Server_40113386 [j: 6, len: 8]
11:25:07 INFO listen#42114 Server_40113386 Correct Coordinator for request: {"type": "GET", "key": "a_9"} : Preference list [ServerInfo(name='Server_1240068875', host='172.24.8.181', port=9006), ServerInfo(name='Server_2074138841', host='172.24.8.181', port=9005)]
11:25:07 INFO listen#36558 Server_1240068875 Recieved RGET request {"type": "RGET", "key": "a_9"}
11:25:07 INFO listen#32978 Server_2074138841 Recieved RGET request {"type": "RGET", "key": "a_9"}
11:25:07 INFO listen#42114 Server_40113386 Replying get request {"type": "RGET", "key": "a_9"}: key: a_9, val: ('9',)
11:25:07 INFO MainThread maintest b'{"status": "1", "key": "a_9", "val": ["9"]}'
11:25:05 INFO listen#41534 Server_40113386 8
11:25:06 INFO listen#38724 Server_1240068875 8
11:25:07 INFO listen#43312 Server_3456558795 8
11:25:08 INFO listen#60898 Server_2074138841 8
11:25:08 INFO listen#34804 Server_3456558795 8
11:25:09 INFO listen#43312 Server_3456558795 8
11:25:10 INFO listen#39040 Server_1240068875 8
11:25:10 INFO listen#52712 Server_2074138841 8
11:25:10 INFO listen#32978 Server_2074138841 8
11:25:11 INFO listen#56318 Server_2074138841 8
11:25:11 INFO listen#43608 Server_3456558795 8
11:25:12 INFO listen#48986 Server_3456558795 8
11:25:12 INFO listen#60898 Server_2074138841 8
11:25:13 INFO listen#44718 Server_1240068875 8
11:25:13 INFO listen#42114 Server_40113386 8
11:25:13 INFO listen#40984 Server_40113386 8
11:25:14 INFO listen#60898 Server_2074138841 8
11:25:15 INFO listen#56318 Server_2074138841 8
11:25:15 INFO listen#32978 Server_2074138841 8
11:25:16 INFO listen#56318 Server_2074138841 8
11:25:16 INFO listen#52712 Server_2074138841 8
11:25:16 INFO listen#32978 Server_2074138841 8
11:25:16 INFO listen#40984 Server_40113386 8
11:25:17 INFO listen#41534 Server_40113386 8
11:25:17 INFO listen#43608 Server_3456558795 8
11:25:18 INFO listen#35752 Server_1240068875 8
11:25:18 INFO listen#52398 Server_2074138841 8
11:25:18 INFO listen#32978 Server_2074138841 8
11:25:19 INFO listen#41226 Server_40113386 8
11:25:19 INFO listen#49306 Server_3456558795 8
11:25:19 INFO listen#34736 Server_3456558795 8
11:25:19 INFO listen#34804 Server_3456558795 8
11:25:20 INFO listen#36018 Server_1240068875 8
11:25:21 INFO listen#35752 Server_1240068875 8
11:25:21 INFO listen#52712 Server_2074138841 8
11:25:22 INFO listen#41226 Server_40113386 8
11:25:23 INFO listen#33148 Server_2074138841 8
11:25:23 INFO listen#41534 Server_40113386 8
11:25:23 INFO listen#48776 Server_40113386 8
11:25:23 INFO listen#33462 Server_2074138841 8
11:25:24 INFO listen#36558 Server_1240068875 8
11:25:24 INFO listen#36260 Server_1240068875 8
11:25:25 INFO listen#35752 Server_1240068875 8
11:25:25 INFO listen#48986 Server_3456558795 8
11:25:26 INFO listen#41226 Server_40113386 8
11:25:26 INFO listen#60898 Server_2074138841 8
11:25:26 INFO listen#32978 Server_2074138841 8
11:25:27 INFO listen#60898 Server_2074138841 8
11:25:27 INFO listen#44718 Server_1240068875 8
11:25:27 INFO listen#42114 Server_40113386 8
11:25:27 INFO listen#36260 Server_1240068875 8
11:25:28 INFO listen#41226 Server_40113386 8
11:25:28 INFO listen#52398 Server_2074138841 8
11:25:28 INFO listen#48776 Server_40113386 8
11:25:29 INFO listen#41846 Server_40113386 8
11:25:29 INFO listen#32978 Server_2074138841 8
11:25:30 INFO listen#41534 Server_40113386 8
11:25:30 INFO listen#32978 Server_2074138841 8
11:25:30 INFO listen#36260 Server_1240068875 8
11:25:31 INFO listen#35068 Server_3456558795 8
11:25:31 INFO listen#41534 Server_40113386 8
11:25:31 INFO listen#44718 Server_1240068875 8
11:25:31 INFO listen#43312 Server_3456558795 8
11:25:32 INFO listen#42114 Server_40113386 8
11:25:32 INFO listen#34736 Server_3456558795 8
11:25:33 INFO listen#35068 Server_3456558795 8
11:25:34 INFO listen#41846 Server_40113386 8
11:25:34 INFO listen#43312 Server_3456558795 8
11:25:36 INFO listen#41534 Server_40113386 8
11:25:36 INFO listen#40984 Server_40113386 8
11:25:37 INFO listen#33148 Server_2074138841 8
11:25:35 INFO listen#42114 Server_40113386 8
11:25:35 INFO listen#34804 Server_3456558795 8
11:25:36 INFO listen#52712 Server_2074138841 8
11:25:37 INFO listen#39040 Server_1240068875 8
11:25:37 INFO listen#41846 Server_40113386 8
11:25:37 INFO listen#35752 Server_1240068875 8
11:25:37 INFO listen#56318 Server_2074138841 8
11:25:39 INFO listen#49306 Server_3456558795 8
11:25:39 INFO listen#36018 Server_1240068875 8
11:25:40 INFO listen#49306 Server_3456558795 8
11:25:40 INFO listen#36558 Server_1240068875 8
11:25:41 INFO listen#44718 Server_1240068875 8
11:25:41 INFO listen#35068 Server_3456558795 8
11:25:42 INFO listen#39040 Server_1240068875 8
11:25:42 INFO listen#43608 Server_3456558795 8
11:25:42 INFO listen#42114 Server_40113386 8
11:25:44 INFO listen#38724 Server_1240068875 8
11:25:45 INFO listen#36018 Server_1240068875 8
11:25:47 INFO listen#36018 Server_1240068875 8
11:25:47 INFO listen#44718 Server_1240068875 8
11:25:48 INFO listen#48986 Server_3456558795 8
11:25:48 INFO listen#41226 Server_40113386 8
11:25:49 INFO listen#60898 Server_2074138841 8
11:25:49 INFO listen#52712 Server_2074138841 8
11:25:49 INFO listen#42114 Server_40113386 8
11:25:49 INFO listen#36558 Server_1240068875 8
11:25:50 INFO listen#36260 Server_1240068875 8
11:25:51 INFO listen#39040 Server_1240068875 8
11:25:51 INFO listen#33148 Server_2074138841 8
11:25:51 INFO listen#35068 Server_3456558795 8
11:25:52 INFO listen#36558 Server_1240068875 8
11:25:53 INFO listen#48776 Server_40113386 8
11:25:53 INFO listen#36558 Server_1240068875 8
11:25:53 INFO listen#34804 Server_3456558795 8
11:25:54 INFO listen#42114 Server_40113386 8
11:25:55 INFO listen#52712 Server_2074138841 8
11:25:55 INFO listen#43312 Server_3456558795 8
11:25:55 INFO listen#34736 Server_3456558795 8
11:25:55 INFO listen#38724 Server_1240068875 8
11:25:56 INFO listen#36260 Server_1240068875 8
11:25:57 INFO listen#43312 Server_3456558795 8
11:25:58 INFO listen#44718 Server_1240068875 8
11:25:58 INFO listen#35068 Server_3456558795 8
11:25:59 INFO listen#39040 Server_1240068875 8
11:25:59 INFO listen#52398 Server_2074138841 8
11:25:59 INFO listen#35752 Server_1240068875 8
11:26:00 INFO listen#52398 Server_2074138841 8
11:26:00 INFO listen#42114 Server_40113386 8
11:26:01 INFO listen#43608 Server_3456558795 8
11:26:01 INFO listen#33148 Server_2074138841 8
11:26:04 INFO listen#43608 Server_3456558795 8
11:26:04 INFO listen#33462 Server_2074138841 8
11:26:04 INFO listen#34736 Server_3456558795 8
11:26:05 INFO listen#49306 Server_3456558795 8
11:26:05 INFO listen#36558 Server_1240068875 8
11:26:05 INFO listen#33148 Server_2074138841 8
11:26:06 INFO listen#41226 Server_40113386 8
11:26:06 INFO listen#34804 Server_3456558795 8
11:26:07 INFO listen#35068 Server_3456558795 8
11:26:04 INFO listen#34804 Server_3456558795 8
11:26:05 INFO listen#49306 Server_3456558795 8
11:26:05 INFO listen#44718 Server_1240068875 8
11:26:05 INFO listen#34736 Server_3456558795 8
11:26:07 INFO listen#38724 Server_1240068875 8
11:26:07 INFO listen#33462 Server_2074138841 8
11:26:08 INFO listen#60898 Server_2074138841 8
11:26:09 INFO listen#33148 Server_2074138841 8
11:26:09 INFO listen#38724 Server_1240068875 8
11:26:09 INFO listen#36558 Server_1240068875 8
11:26:09 INFO listen#34804 Server_3456558795 8
11:26:10 INFO listen#42374 Server_40113386 8
11:26:10 INFO listen#36558 Server_1240068875 8
11:26:10 INFO listen#42114 Server_40113386 8
11:26:10 INFO listen#40984 Server_40113386 8
11:26:13 INFO listen#43312 Server_3456558795 8
11:26:13 INFO listen#36260 Server_1240068875 8
11:26:15 INFO listen#41534 Server_40113386 8
11:26:15 INFO listen#52712 Server_2074138841 8
11:26:17 INFO listen#36018 Server_1240068875 8
11:26:17 INFO listen#33462 Server_2074138841 8
11:26:18 INFO listen#49306 Server_3456558795 8
11:26:19 INFO listen#49306 Server_3456558795 8
11:26:19 INFO listen#33462 Server_2074138841 8
11:26:19 INFO listen#36260 Server_1240068875 8
11:26:20 INFO listen#52398 Server_2074138841 8
11:26:20 INFO listen#41534 Server_40113386 8
11:26:20 INFO listen#44718 Server_1240068875 8
11:26:21 INFO listen#41846 Server_40113386 8
11:26:21 INFO listen#40984 Server_40113386 8
11:26:22 INFO listen#40984 Server_40113386 8
11:26:23 INFO listen#42114 Server_40113386 8
11:26:24 INFO listen#35752 Server_1240068875 8
11:26:24 INFO listen#56318 Server_2074138841 8
11:26:24 INFO listen#41534 Server_40113386 8
11:26:24 INFO listen#43312 Server_3456558795 8
11:26:25 INFO listen#41226 Server_40113386 8
11:26:25 INFO listen#36018 Server_1240068875 8
11:26:25 INFO listen#49306 Server_3456558795 8
11:26:26 INFO listen#52398 Server_2074138841 8
11:26:27 INFO listen#44718 Server_1240068875 8
11:26:27 INFO listen#40984 Server_40113386 8
11:26:28 INFO listen#35068 Server_3456558795 8
11:26:29 INFO listen#33148 Server_2074138841 8
11:26:29 INFO listen#41226 Server_40113386 8
11:26:31 INFO listen#49306 Server_3456558795 8
11:26:31 INFO listen#40984 Server_40113386 8
11:26:32 INFO listen#48776 Server_40113386 8
11:26:32 INFO listen#34736 Server_3456558795 8
11:26:33 INFO listen#38724 Server_1240068875 8
11:26:33 INFO listen#41534 Server_40113386 8
11:26:34 INFO listen#49306 Server_3456558795 8
11:26:34 INFO listen#41846 Server_40113386 8
11:26:35 INFO listen#34736 Server_3456558795 8
11:26:36 INFO listen#49306 Server_3456558795 8
11:26:34 INFO listen#36260 Server_1240068875 8
11:26:34 INFO listen#41226 Server_40113386 8
11:26:35 INFO listen#44718 Server_1240068875 8
11:26:35 INFO listen#41534 Server_40113386 8
11:26:36 INFO listen#34736 Server_3456558795 8
11:26:36 INFO listen#42374 Server_40113386 8
11:26:37 INFO listen#39040 Server_1240068875 8
11:26:38 INFO listen#48776 Server_40113386 8
11:26:38 INFO listen#41226 Server_40113386 8
11:26:39 INFO listen#42114 Server_40113386 8
11:26:39 INFO listen#41534 Server_40113386 8
11:26:40 INFO listen#42114 Server_40113386 8
11:26:40 INFO listen#36558 Server_1240068875 8
11:26:40 INFO listen#35752 Server_1240068875 8
11:26:40 INFO listen#38724 Server_1240068875 8
11:26:41 INFO listen#40984 Server_40113386 8
11:26:41 INFO listen#41226 Server_40113386 8
11:26:42 INFO listen#40984 Server_40113386 8
11:26:42 INFO listen#41226 Server_40113386 8
11:26:44 INFO listen#48776 Server_40113386 8
11:26:44 INFO listen#43312 Server_3456558795 8
11:26:44 INFO listen#36558 Server_1240068875 8
11:26:45 INFO listen#36558 Server_1240068875 8
11:26:45 INFO listen#40984 Server_40113386 8
11:26:45 INFO listen#36018 Server_1240068875 8
11:26:45 INFO listen#39040 Server_1240068875 8
11:26:47 INFO listen#41226 Server_40113386 8
11:26:47 INFO listen#49306 Server_3456558795 8
11:26:48 INFO listen#40984 Server_40113386 8
11:26:48 INFO listen#41846 Server_40113386 8
11:26:49 INFO listen#34736 Server_3456558795 8
11:26:49 INFO listen#34804 Server_3456558795 8
11:26:50 INFO listen#35752 Server_1240068875 8
11:26:51 INFO listen#49306 Server_3456558795 8
11:26:51 INFO listen#36260 Server_1240068875 8
11:26:52 INFO listen#52398 Server_2074138841 8
11:26:52 INFO listen#41226 Server_40113386 8
11:26:53 INFO listen#56318 Server_2074138841 8
11:26:54 INFO listen#39040 Server_1240068875 8
11:26:54 INFO listen#41846 Server_40113386 8
11:26:54 INFO listen#43608 Server_3456558795 8
11:26:55 INFO listen#52398 Server_2074138841 8
11:26:55 INFO listen#41226 Server_40113386 8
11:26:55 INFO listen#42374 Server_40113386 8
11:26:56 INFO listen#34736 Server_3456558795 8
11:26:56 INFO listen#36260 Server_1240068875 8
11:26:56 INFO listen#35752 Server_1240068875 8
11:26:57 INFO listen#39040 Server_1240068875 8
11:26:57 INFO listen#33462 Server_2074138841 8
11:26:57 INFO listen#34736 Server_3456558795 8
11:26:58 INFO listen#41846 Server_40113386 8
11:26:58 INFO listen#36260 Server_1240068875 8
11:26:59 INFO listen#60898 Server_2074138841 8
11:26:59 INFO listen#44718 Server_1240068875 8
11:26:59 INFO listen#35752 Server_1240068875 8
11:27:00 INFO listen#49306 Server_3456558795 8
11:27:01 INFO listen#60898 Server_2074138841 8
11:27:01 INFO listen#34736 Server_3456558795 8
11:27:01 INFO listen#35752 Server_1240068875 8
11:27:02 INFO listen#52398 Server_2074138841 8
11:27:02 INFO listen#48776 Server_40113386 8
11:27:03 INFO listen#41534 Server_40113386 8
11:27:03 INFO listen#36260 Server_1240068875 8
11:27:04 INFO listen#42374 Server_40113386 8
11:27:05 INFO listen#43312 Server_3456558795 8
11:27:06 INFO listen#48776 Server_40113386 8
11:27:03 INFO listen#36260 Server_1240068875 8
11:27:05 INFO listen#36558 Server_1240068875 8
11:27:05 INFO listen#36260 Server_1240068875 8
11:27:06 INFO listen#35752 Server_1240068875 8
11:27:06 INFO listen#35068 Server_3456558795 8
11:27:06 INFO listen#60898 Server_2074138841 8
11:27:07 INFO listen#35752 Server_1240068875 8
11:27:07 INFO listen#36018 Server_1240068875 8
11:27:08 INFO listen#36558 Server_1240068875 8
11:27:08 INFO listen#40984 Server_40113386 8
11:27:09 INFO listen#35068 Server_3456558795 8
11:27:09 INFO listen#39040 Server_1240068875 8
11:27:09 INFO listen#48776 Server_40113386 8
11:27:10 INFO listen#36018 Server_1240068875 8
11:27:10 INFO listen#52712 Server_2074138841 8
11:27:10 INFO listen#43312 Server_3456558795 8
11:27:10 INFO listen#32978 Server_2074138841 8
11:27:11 INFO listen#48776 Server_40113386 8
11:27:11 INFO listen#34736 Server_3456558795 8
11:27:12 INFO listen#48986 Server_3456558795 8
11:27:12 INFO listen#33462 Server_2074138841 8
11:27:12 INFO listen#32978 Server_2074138841 8
11:27:13 INFO listen#42374 Server_40113386 8
11:27:14 INFO listen#48986 Server_3456558795 8
11:27:14 INFO listen#49306 Server_3456558795 8
11:27:15 INFO listen#56318 Server_2074138841 8
11:27:15 INFO listen#43608 Server_3456558795 8
11:27:15 INFO listen#42114 Server_40113386 8
11:27:16 INFO listen#35752 Server_1240068875 8
11:27:16 INFO listen#49306 Server_3456558795 8
11:27:16 INFO listen#33462 Server_2074138841 8
11:27:17 INFO listen#41846 Server_40113386 8
11:27:18 INFO listen#52712 Server_2074138841 8
11:27:18 INFO listen#34736 Server_3456558795 8
11:27:19 INFO listen#42374 Server_40113386 8
11:27:19 INFO listen#41534 Server_40113386 8
11:27:19 INFO listen#36260 Server_1240068875 8
11:27:20 INFO listen#48986 Server_3456558795 8
11:27:21 INFO listen#52398 Server_2074138841 8
11:27:22 INFO listen#41226 Server_40113386 8
11:27:22 INFO listen#49306 Server_3456558795 8
11:27:23 INFO listen#40984 Server_40113386 8
11:27:23 INFO listen#42374 Server_40113386 8
11:27:23 INFO listen#36018 Server_1240068875 8
11:27:25 INFO listen#56318 Server_2074138841 8
11:27:25 INFO listen#41534 Server_40113386 8
11:27:26 INFO listen#34804 Server_3456558795 8
11:27:27 INFO listen#43608 Server_3456558795 8
11:27:27 INFO listen#42114 Server_40113386 8
11:27:27 INFO listen#36558 Server_1240068875 8
11:27:28 INFO listen#48776 Server_40113386 8
11:27:29 INFO listen#48776 Server_40113386 8
11:27:29 INFO listen#43312 Server_3456558795 8
11:27:30 INFO listen#36260 Server_1240068875 8
11:27:30 INFO listen#34736 Server_3456558795 8
11:27:31 INFO listen#35752 Server_1240068875 8
11:27:32 INFO listen#36260 Server_1240068875 8
11:27:33 INFO listen#56318 Server_2074138841 8
11:27:34 INFO listen#48986 Server_3456558795 8
11:27:34 INFO listen#36558 Server_1240068875 8
11:27:35 INFO listen#35068 Server_3456558795 8
11:27:35 INFO listen#52398 Server_2074138841 8
11:27:35 INFO listen#44718 Server_1240068875 8
11:27:33 INFO listen#33148 Server_2074138841 8
11:27:33 INFO listen#52398 Server_2074138841 8
11:27:34 INFO listen#41226 Server_40113386 8
11:27:34 INFO listen#60898 Server_2074138841 8
11:27:35 INFO listen#34736 Server_3456558795 8
11:27:35 INFO listen#36018 Server_1240068875 8
11:27:36 INFO listen#36260 Server_1240068875 8
11:27:36 INFO listen#52398 Server_2074138841 8
11:27:37 INFO listen#42114 Server_40113386 8
11:27:37 INFO listen#40984 Server_40113386 8
11:27:37 INFO listen#41226 Server_40113386 8
11:27:38 INFO listen#48776 Server_40113386 8
11:27:38 INFO listen#39040 Server_1240068875 8
11:27:39 INFO listen#56318 Server_2074138841 8
11:27:41 INFO listen#48986 Server_3456558795 8
11:27:42 INFO listen#33462 Server_2074138841 8
11:27:42 INFO listen#34736 Server_3456558795 8
11:27:43 INFO listen#49306 Server_3456558795 8
11:27:44 INFO listen#43312 Server_3456558795 8
11:27:44 INFO listen#48986 Server_3456558795 8
11:27:44 INFO listen#48776 Server_40113386 8
11:27:45 INFO listen#40984 Server_40113386 8
11:27:45 INFO listen#41226 Server_40113386 8
11:27:46 INFO listen#41226 Server_40113386 8
11:27:47 INFO listen#33148 Server_2074138841 8
11:27:47 INFO listen#41846 Server_40113386 8
11:27:47 INFO listen#60898 Server_2074138841 8
11:27:49 INFO listen#33462 Server_2074138841 8
11:27:49 INFO listen#35752 Server_1240068875 8
11:27:49 INFO listen#35068 Server_3456558795 8
11:27:49 INFO listen#43608 Server_3456558795 8
11:27:51 INFO listen#36018 Server_1240068875 8
11:27:51 INFO listen#48776 Server_40113386 8
11:27:53 INFO listen#41846 Server_40113386 8
11:27:54 INFO listen#33148 Server_2074138841 8
11:27:55 INFO listen#42114 Server_40113386 8
11:27:55 INFO listen#43608 Server_3456558795 8
11:27:55 INFO listen#48986 Server_3456558795 8
11:27:55 INFO listen#39040 Server_1240068875 8
11:27:56 INFO listen#36558 Server_1240068875 8
11:27:56 INFO listen#40984 Server_40113386 8
11:27:56 INFO listen#43608 Server_3456558795 8
11:27:56 INFO listen#52398 Server_2074138841 8
11:27:57 INFO listen#38724 Server_1240068875 8
11:27:59 INFO listen#40984 Server_40113386 8
11:27:59 INFO listen#43608 Server_3456558795 8
11:28:00 INFO listen#42114 Server_40113386 8
11:28:02 INFO listen#35068 Server_3456558795 8
11:28:02 INFO listen#36018 Server_1240068875 8
11:28:03 INFO listen#48776 Server_40113386 8
11:28:03 INFO listen#60898 Server_2074138841 8
11:28:04 INFO listen#36558 Server_1240068875 8
11:28:04 INFO listen#34804 Server_3456558795 8
11:28:04 INFO listen#38724 Server_1240068875 8
11:28:04 INFO listen#41846 Server_40113386 8
11:28:04 INFO listen#39040 Server_1240068875 8
11:28:05 INFO listen#32978 Server_2074138841 8
11:28:03 INFO listen#48986 Server_3456558795 8
11:28:04 INFO listen#36018 Server_1240068875 8
11:28:05 INFO listen#42374 Server_40113386 8
11:28:05 INFO listen#40984 Server_40113386 8
11:28:06 INFO listen#43608 Server_3456558795 8
11:28:06 INFO listen#41226 Server_40113386 8
11:28:06 INFO listen#52398 Server_2074138841 8
11:28:08 INFO listen#42114 Server_40113386 8
11:28:09 INFO listen#41226 Server_40113386 8
11:28:10 INFO listen#48986 Server_3456558795 8
11:28:10 INFO listen#32978 Server_2074138841 8
11:28:10 INFO listen#36260 Server_1240068875 8
11:28:11 INFO listen#41534 Server_40113386 8
11:28:11 INFO listen#33462 Server_2074138841 8
11:28:12 INFO listen#36018 Server_1240068875 8
11:28:12 INFO listen#43312 Server_3456558795 8
11:28:14 INFO listen#56318 Server_2074138841 8
11:28:14 INFO listen#32978 Server_2074138841 8
11:28:15 INFO listen#48776 Server_40113386 8
11:28:15 INFO listen#35752 Server_1240068875 8
11:28:15 INFO listen#35068 Server_3456558795 8
11:28:16 INFO listen#41534 Server_40113386 8
11:28:16 INFO listen#34736 Server_3456558795 8
11:28:17 INFO listen#38724 Server_1240068875 8
11:28:17 INFO listen#42114 Server_40113386 8
11:28:18 INFO listen#43608 Server_3456558795 8
11:28:18 INFO listen#52398 Server_2074138841 8
11:28:19 INFO listen#49306 Server_3456558795 8
11:28:20 INFO listen#34804 Server_3456558795 8
11:28:20 INFO listen#48776 Server_40113386 8
11:28:20 INFO listen#56318 Server_2074138841 8
11:28:20 INFO listen#33462 Server_2074138841 8
11:28:20 INFO listen#36558 Server_1240068875 8
11:28:21 INFO listen#36018 Server_1240068875 8
11:28:21 INFO listen#49306 Server_3456558795 8
11:28:22 INFO listen#41534 Server_40113386 8
11:28:23 INFO listen#43608 Server_3456558795 8
11:28:23 INFO listen#42374 Server_40113386 8
11:28:23 INFO listen#56318 Server_2074138841 8
11:28:24 INFO listen#52398 Server_2074138841 8
11:28:25 INFO listen#36260 Server_1240068875 8
11:28:26 INFO listen#36018 Server_1240068875 8
11:28:26 INFO listen#39040 Server_1240068875 8
11:28:27 INFO listen#52712 Server_2074138841 8
11:28:27 INFO listen#42114 Server_40113386 8
11:28:28 INFO listen#35752 Server_1240068875 8
11:28:28 INFO listen#39040 Server_1240068875 8
11:28:28 INFO listen#33462 Server_2074138841 8
11:28:30 INFO listen#41226 Server_40113386 8
11:28:30 INFO listen#33462 Server_2074138841 8
11:28:31 INFO listen#48776 Server_40113386 8
11:28:31 INFO listen#60898 Server_2074138841 8
11:28:32 INFO listen#52398 Server_2074138841 8
11:28:32 INFO listen#42114 Server_40113386 8
11:28:33 INFO listen#48776 Server_40113386 8
11:28:33 INFO listen#33148 Server_2074138841 8
11:28:33 INFO listen#60898 Server_2074138841 8
11:28:33 INFO listen#38724 Server_1240068875 8
11:28:34 INFO listen#48986 Server_3456558795 8
11:28:33 INFO listen#60898 Server_2074138841 8
11:28:33 INFO listen#43312 Server_3456558795 8
11:28:34 INFO listen#44718 Server_1240068875 8
11:28:34 INFO listen#41226 Server_40113386 8
11:28:35 INFO listen#36260 Server_1240068875 8
11:28:35 INFO listen#39040 Server_1240068875 8
11:28:36 INFO listen#52712 Server_2074138841 8
11:28:36 INFO listen#33148 Server_2074138841 8
11:28:37 INFO listen#40984 Server_40113386 8
11:28:37 INFO listen#56318 Server_2074138841 8
11:28:37 INFO listen#34736 Server_3456558795 8
11:28:38 INFO listen#41534 Server_40113386 8
11:28:38 INFO listen#43608 Server_3456558795 8
11:28:38 INFO listen#41226 Server_40113386 8
11:28:39 INFO listen#41846 Server_40113386 8
11:28:39 INFO listen#43608 Server_3456558795 8
11:28:40 INFO listen#49306 Server_3456558795 8
11:28:40 INFO listen#43608 Server_3456558795 8
11:28:41 INFO listen#60898 Server_2074138841 8
11:28:41 INFO listen#44718 Server_1240068875 8
11:28:41 INFO listen#41226 Server_40113386 8
11:28:41 INFO listen#35752 Server_1240068875 8
11:28:42 INFO listen#36018 Server_1240068875 8
11:28:42 INFO listen#33462 Server_2074138841 8
11:28:44 INFO listen#35068 Server_3456558795 8
11:28:44 INFO listen#33148 Server_2074138841 8
11:28:44 INFO listen#36558 Server_1240068875 8
11:28:45 INFO listen#41226 Server_40113386 8
11:28:46 INFO listen#40984 Server_40113386 8
11:28:46 INFO listen#44718 Server_1240068875 8
11:28:46 INFO listen#41226 Server_40113386 8
11:28:47 INFO listen#34804 Server_3456558795 8
11:28:47 INFO listen#36018 Server_1240068875 8
11:28:47 INFO listen#35752 Server_1240068875 8
11:28:49 INFO listen#42114 Server_40113386 8
11:28:49 INFO listen#41534 Server_40113386 8
11:28:50 INFO listen#34804 Server_3456558795 8
11:28:50 INFO listen#48776 Server_40113386 8
11:28:50 INFO listen#33148 Server_2074138841 8
11:28:51 INFO listen#52398 Server_2074138841 8
11:28:52 INFO listen#56318 Server_2074138841 8
11:28:52 INFO listen#49306 Server_3456558795 8
11:28:53 INFO listen#42374 Server_40113386 8
11:28:55 INFO listen#35068 Server_3456558795 8
11:28:57 INFO listen#43608 Server_3456558795 8
11:28:57 INFO listen#36018 Server_1240068875 8
11:28:57 INFO listen#56318 Server_2074138841 8
11:28:58 INFO listen#34804 Server_3456558795 8
11:28:58 INFO listen#42114 Server_40113386 8
11:28:59 INFO listen#40984 Server_40113386 8
11:29:00 INFO listen#33148 Server_2074138841 8
11:29:00 INFO listen#52398 Server_2074138841 8
11:29:00 INFO listen#39040 Server_1240068875 8
11:29:01 INFO listen#43312 Server_3456558795 8
11:29:02 INFO listen#42374 Server_40113386 8
11:29:02 INFO listen#36018 Server_1240068875 8
11:29:02 INFO listen#48776 Server_40113386 8
11:29:02 INFO listen#35068 Server_3456558795 8
11:29:03 INFO listen#60898 Server_2074138841 8
11:29:04 INFO listen#35752 Server_1240068875 8
11:29:03 INFO listen#36260 Server_1240068875 8
11:29:03 INFO listen#44718 Server_1240068875 8
11:29:03 INFO listen#56318 Server_2074138841 8
11:29:04 INFO listen#49306 Server_3456558795 8
11:29:04 INFO listen#32978 Server_2074138841 8
11:29:05 INFO listen#48776 Server_40113386 8
11:29:06 INFO listen#40984 Server_40113386 8
11:29:06 INFO listen#48986 Server_3456558795 8
11:29:06 INFO listen#35068 Server_3456558795 8
11:29:06 INFO listen#41534 Server_40113386 8
11:29:07 INFO listen#48986 Server_3456558795 8
11:29:07 INFO listen#34736 Server_3456558795 8
11:29:08 INFO listen#52712 Server_2074138841 8
11:29:09 INFO listen#40984 Server_40113386 8
11:29:09 INFO listen#39040 Server_1240068875 8
11:29:09 INFO listen#42114 Server_40113386 8
11:29:10 INFO listen#43312 Server_3456558795 8
11:29:10 INFO listen#36558 Server_1240068875 8
11:29:11 INFO listen#32978 Server_2074138841 8
11:29:12 INFO listen#42114 Server_40113386 8
11:29:12 INFO listen#34736 Server_3456558795 8
11:29:12 INFO listen#35068 Server_3456558795 8
11:29:13 INFO listen#48986 Server_3456558795 8
11:29:13 INFO listen#48776 Server_40113386 8
11:29:13 INFO listen#32978 Server_2074138841 8
11:29:14 INFO listen#38724 Server_1240068875 8
11:29:15 INFO listen#36558 Server_1240068875 8
11:29:16 INFO listen#60898 Server_2074138841 8
11:29:16 INFO listen#36558 Server_1240068875 8
11:29:17 INFO listen#36558 Server_1240068875 8
11:29:18 INFO listen#34804 Server_3456558795 8
11:29:18 INFO listen#36018 Server_1240068875 8
11:29:18 INFO listen#42114 Server_40113386 8
11:29:19 INFO listen#52398 Server_2074138841 8
11:29:19 INFO listen#48776 Server_40113386 8
11:29:19 INFO listen#56318 Server_2074138841 8
11:29:20 INFO listen#43608 Server_3456558795 8
11:29:21 INFO listen#36260 Server_1240068875 8
11:29:21 INFO listen#33148 Server_2074138841 8
11:29:22 INFO listen#48986 Server_3456558795 8
11:29:22 INFO listen#35752 Server_1240068875 8
11:29:23 INFO listen#38724 Server_1240068875 8
11:29:24 INFO listen#40984 Server_40113386 8
11:29:24 INFO listen#41534 Server_40113386 8
11:29:24 INFO listen#43312 Server_3456558795 8
11:29:25 INFO listen#52398 Server_2074138841 8
11:29:25 INFO listen#41534 Server_40113386 8
11:29:25 INFO listen#42374 Server_40113386 8
11:29:26 INFO listen#34804 Server_3456558795 8
11:29:26 INFO listen#35068 Server_3456558795 8
11:29:27 INFO listen#42114 Server_40113386 8
11:29:28 INFO listen#40984 Server_40113386 8
11:29:28 INFO listen#41534 Server_40113386 8
11:29:28 INFO listen#52712 Server_2074138841 8
11:29:28 INFO listen#42114 Server_40113386 8
11:29:28 INFO listen#38724 Server_1240068875 8
11:29:28 INFO listen#42374 Server_40113386 8
11:29:29 INFO listen#48986 Server_3456558795 8
11:29:29 INFO listen#34736 Server_3456558795 8
11:29:29 INFO listen#41226 Server_40113386 8
11:29:30 INFO listen#36260 Server_1240068875 8
11:29:31 INFO listen#34804 Server_3456558795 8
11:29:31 INFO listen#41534 Server_40113386 8
11:29:31 INFO listen#48986 Server_3456558795 8
11:29:31 INFO listen#42374 Server_40113386 8
11:29:33 INFO listen#36018 Server_1240068875 8
11:29:33 INFO listen#44718 Server_1240068875 8
11:29:33 INFO listen#41226 Server_40113386 8
11:29:32 INFO listen#56318 Server_2074138841 8
11:29:33 INFO listen#48986 Server_3456558795 8
11:29:33 INFO listen#42114 Server_40113386 8
11:29:34 INFO listen#60898 Server_2074138841 8
11:29:34 INFO listen#32978 Server_2074138841 8
11:29:35 INFO listen#60898 Server_2074138841 8
11:29:35 INFO listen#36558 Server_1240068875 8
11:29:36 INFO listen#40984 Server_40113386 8
11:29:36 INFO listen#39040 Server_1240068875 8
11:29:37 INFO listen#42374 Server_40113386 8
11:29:37 INFO listen#41534 Server_40113386 8
11:29:37 INFO listen#38724 Server_1240068875 8
11:29:38 INFO listen#32978 Server_2074138841 8
11:29:39 INFO listen#52712 Server_2074138841 8
11:29:39 INFO listen#49306 Server_3456558795 8
11:29:39 INFO listen#35068 Server_3456558795 8
11:29:41 INFO listen#36260 Server_1240068875 8
11:29:41 INFO listen#48776 Server_40113386 8
11:29:41 INFO listen#34736 Server_3456558795 8
11:29:42 INFO listen#44718 Server_1240068875 8
11:29:42 INFO listen#39040 Server_1240068875 8
11:29:43 INFO listen#35752 Server_1240068875 8
11:29:43 INFO listen#36018 Server_1240068875 8
11:29:43 INFO listen#44718 Server_1240068875 8
11:29:43 INFO listen#36558 Server_1240068875 8
11:29:45 INFO listen#43312 Server_3456558795 8
11:29:46 INFO listen#48986 Server_3456558795 8
11:29:46 INFO listen#48776 Server_40113386 8
11:29:46 INFO listen#35068 Server_3456558795 8
11:29:47 INFO listen#40984 Server_40113386 8
11:29:47 INFO listen#41226 Server_40113386 8
11:29:48 INFO listen#43312 Server_3456558795 8
11:29:48 INFO listen#60898 Server_2074138841 8
11:29:49 INFO listen#43608 Server_3456558795 8
11:29:50 INFO listen#41534 Server_40113386 8
11:29:50 INFO listen#38724 Server_1240068875 8
11:29:51 INFO listen#40984 Server_40113386 8
11:29:51 INFO listen#48776 Server_40113386 8
11:29:52 INFO listen#43312 Server_3456558795 8
11:29:52 INFO listen#60898 Server_2074138841 8
11:29:52 INFO listen#41226 Server_40113386 8
11:29:52 INFO listen#32978 Server_2074138841 8
11:29:53 INFO listen#48986 Server_3456558795 8
11:29:53 INFO listen#41226 Server_40113386 8
11:29:54 INFO listen#60898 Server_2074138841 8
11:29:55 INFO listen#33148 Server_2074138841 8
11:29:55 INFO listen#35068 Server_3456558795 8
11:29:56 INFO listen#35068 Server_3456558795 8
11:29:57 INFO listen#33148 Server_2074138841 8
11:29:57 INFO listen#42114 Server_40113386 8
11:29:58 INFO listen#33462 Server_2074138841 8
11:29:59 INFO listen#56318 Server_2074138841 8
11:30:00 INFO listen#32978 Server_2074138841 8
11:30:00 INFO listen#41226 Server_40113386 8
11:30:01 INFO listen#33462 Server_2074138841 8
11:30:02 INFO listen#34804 Server_3456558795 8
11:30:02 INFO listen#52398 Server_2074138841 8
11:30:02 INFO listen#44718 Server_1240068875 8
11:30:02 INFO listen#41226 Server_40113386 8
11:30:01 INFO listen#35752 Server_1240068875 8
11:30:02 INFO listen#42114 Server_40113386 8
11:30:03 INFO listen#48986 Server_3456558795 8
11:30:03 INFO listen#43608 Server_3456558795 8
11:30:03 INFO listen#35752 Server_1240068875 8
11:30:04 INFO listen#52712 Server_2074138841 8
11:30:04 INFO listen#35068 Server_3456558795 8
11:30:05 INFO listen#32978 Server_2074138841 8
11:30:05 INFO listen#41534 Server_40113386 8
11:30:06 INFO listen#38724 Server_1240068875 8
11:30:07 INFO listen#43608 Server_3456558795 8
11:30:07 INFO listen#41534 Server_40113386 8
11:30:08 INFO listen#36018 Server_1240068875 8
11:30:08 INFO listen#33462 Server_2074138841 8
11:30:09 INFO listen#38724 Server_1240068875 8
11:30:09 INFO listen#40984 Server_40113386 8
11:30:10 INFO listen#60898 Server_2074138841 8
11:30:10 INFO listen#36260 Server_1240068875 8
11:30:11 INFO listen#41226 Server_40113386 8
11:30:11 INFO listen#33462 Server_2074138841 8
11:30:12 INFO listen#48986 Server_3456558795 8
11:30:13 INFO listen#44718 Server_1240068875 8
11:30:14 INFO listen#56318 Server_2074138841 8
11:30:14 INFO listen#42374 Server_40113386 8
11:30:15 INFO listen#52398 Server_2074138841 8
11:30:15 INFO listen#40984 Server_40113386 8
11:30:16 INFO listen#41534 Server_40113386 8
11:30:17 INFO listen#41846 Server_40113386 8
11:30:17 INFO listen#32978 Server_2074138841 8
11:30:17 INFO listen#41226 Server_40113386 8
11:30:17 INFO listen#40984 Server_40113386 8
11:30:18 INFO listen#44718 Server_1240068875 8
11:30:19 INFO listen#56318 Server_2074138841 8
11:30:19 INFO listen#43312 Server_3456558795 8
11:30:19 INFO listen#34804 Server_3456558795 8
11:30:20 INFO listen#39040 Server_1240068875 8
11:30:21 INFO listen#43608 Server_3456558795 8
11:30:22 INFO listen#48986 Server_3456558795 8
11:30:22 INFO listen#32978 Server_2074138841 8
11:30:22 INFO listen#36260 Server_1240068875 8
11:30:23 INFO listen#52712 Server_2074138841 8
11:30:23 INFO listen#42114 Server_40113386 8
11:30:24 INFO listen#38724 Server_1240068875 8
11:30:25 INFO listen#48986 Server_3456558795 8
11:30:25 INFO listen#34736 Server_3456558795 8
11:30:25 INFO listen#35752 Server_1240068875 8
11:30:27 INFO listen#44718 Server_1240068875 8
11:30:27 INFO listen#49306 Server_3456558795 8
11:30:27 INFO listen#33462 Server_2074138841 8
11:30:27 INFO listen#42374 Server_40113386 8
11:30:28 INFO listen#52712 Server_2074138841 8
11:30:28 INFO listen#35068 Server_3456558795 8
11:30:28 INFO listen#36260 Server_1240068875 8
11:30:29 INFO listen#41846 Server_40113386 8
11:30:29 INFO listen#44718 Server_1240068875 8
11:30:29 INFO listen#36558 Server_1240068875 8
11:30:29 INFO listen#38724 Server_1240068875 8
11:30:29 INFO listen#39040 Server_1240068875 8
11:30:30 INFO listen#41534 Server_40113386 8
11:30:30 INFO listen#43312 Server_3456558795 8
11:30:31 INFO listen#44718 Server_1240068875 8
11:30:31 INFO listen#34736 Server_3456558795 8
11:30:31 INFO listen#41226 Server_40113386 8
11:30:31 INFO listen#41534 Server_40113386 8
11:30:32 INFO listen#41846 Server_40113386 8
11:30:32 INFO listen#56318 Server_2074138841 8
11:30:31 INFO listen#40984 Server_40113386 8
11:30:31 INFO listen#41846 Server_40113386 8
11:30:31 INFO listen#60898 Server_2074138841 8
11:30:31 INFO listen#42114 Server_40113386 8
11:30:32 INFO listen#34804 Server_3456558795 8
11:30:33 INFO listen#41846 Server_40113386 8
11:30:33 INFO listen#32978 Server_2074138841 8
11:30:34 INFO listen#56318 Server_2074138841 8
11:30:34 INFO listen#60898 Server_2074138841 8
11:30:35 INFO listen#32978 Server_2074138841 8
11:30:35 INFO listen#41534 Server_40113386 8
11:30:36 INFO listen#48986 Server_3456558795 8
11:30:37 INFO listen#35752 Server_1240068875 8
11:30:37 INFO listen#56318 Server_2074138841 8
11:30:37 INFO listen#39040 Server_1240068875 8
11:30:38 INFO listen#52712 Server_2074138841 8
11:30:38 INFO listen#35068 Server_3456558795 8
11:30:38 INFO listen#42114 Server_40113386 8
11:30:39 INFO listen#34736 Server_3456558795 8
11:30:39 INFO listen#43312 Server_3456558795 8
11:30:40 INFO listen#35752 Server_1240068875 8
11:30:40 INFO listen#36018 Server_1240068875 8
11:30:40 INFO listen#48776 Server_40113386 8
11:30:41 INFO listen#35752 Server_1240068875 8
11:30:41 INFO listen#34804 Server_3456558795 8
11:30:42 INFO listen#43608 Server_3456558795 8
11:30:42 INFO listen#33462 Server_2074138841 8
11:30:43 INFO listen#42374 Server_40113386 8
11:30:43 INFO listen#48986 Server_3456558795 8
11:30:43 INFO listen#33462 Server_2074138841 8
11:30:44 INFO listen#38724 Server_1240068875 8
11:30:44 INFO listen#32978 Server_2074138841 8
11:30:47 INFO listen#41226 Server_40113386 8
11:30:48 INFO listen#42374 Server_40113386 8
11:30:48 INFO listen#36018 Server_1240068875 8
11:30:48 INFO listen#60898 Server_2074138841 8
11:30:49 INFO listen#56318 Server_2074138841 8
11:30:49 INFO listen#36558 Server_1240068875 8
11:30:50 INFO listen#48986 Server_3456558795 8
11:30:50 INFO listen#52712 Server_2074138841 8
11:30:50 INFO listen#39040 Server_1240068875 8
11:30:50 INFO listen#43312 Server_3456558795 8
11:30:51 INFO listen#34736 Server_3456558795 8
11:30:52 INFO listen#36018 Server_1240068875 8
11:30:52 INFO listen#41226 Server_40113386 8
11:30:52 INFO listen#43608 Server_3456558795 8
11:30:54 INFO listen#40984 Server_40113386 8
11:30:55 INFO listen#39040 Server_1240068875 8
11:30:55 INFO listen#41226 Server_40113386 8
11:30:55 INFO listen#48776 Server_40113386 8
11:30:56 INFO listen#40984 Server_40113386 8
11:30:57 INFO listen#34804 Server_3456558795 8
11:30:57 INFO listen#35752 Server_1240068875 8
11:30:57 INFO listen#34736 Server_3456558795 8
11:30:57 INFO listen#35068 Server_3456558795 8
11:30:57 INFO listen#48776 Server_40113386 8
11:30:58 INFO listen#36018 Server_1240068875 8
11:30:59 INFO listen#40984 Server_40113386 8
11:30:59 INFO listen#35752 Server_1240068875 8
11:30:59 INFO listen#41846 Server_40113386 8
11:30:59 INFO listen#41534 Server_40113386 8
11:30:59 INFO listen#43312 Server_3456558795 8
11:31:00 INFO listen#38724 Server_1240068875 8
11:31:01 INFO listen#38724 Server_1240068875 8
11:31:02 INFO listen#48986 Server_3456558795 8
11:31:00 INFO listen#42374 Server_40113386 8
11:31:02 INFO listen#49306 Server_3456558795 8
11:31:02 INFO listen#56318 Server_2074138841 8
11:31:02 INFO listen#34736 Server_3456558795 8
11:31:02 INFO listen#40984 Server_40113386 8
11:31:02 INFO listen#48986 Server_3456558795 8
11:31:03 INFO listen#48776 Server_40113386 8
11:31:04 INFO listen#32978 Server_2074138841 8
11:31:04 INFO listen#44718 Server_1240068875 8
11:31:05 INFO listen#56318 Server_2074138841 8
11:31:05 INFO listen#34804 Server_3456558795 8
11:31:06 INFO listen#36558 Server_1240068875 8
11:31:06 INFO listen#39040 Server_1240068875 8
11:31:06 INFO listen#52712 Server_2074138841 8
11:31:06 INFO listen#33148 Server_2074138841 8
11:31:07 INFO listen#33462 Server_2074138841 8
11:31:07 INFO listen#49306 Server_3456558795 8
11:31:07 INFO listen#43608 Server_3456558795 8
11:31:08 INFO listen#56318 Server_2074138841 8
11:31:08 INFO listen#39040 Server_1240068875 8
11:31:08 INFO listen#34804 Server_3456558795 8
11:31:09 INFO listen#41226 Server_40113386 8
11:31:09 INFO listen#60898 Server_2074138841 8
11:31:09 INFO listen#52712 Server_2074138841 8
11:31:10 INFO listen#52398 Server_2074138841 8
11:31:11 INFO listen#32978 Server_2074138841 8
11:31:11 INFO listen#52712 Server_2074138841 8
11:31:12 INFO listen#38724 Server_1240068875 8
11:31:12 INFO listen#42114 Server_40113386 8
11:31:12 INFO listen#60898 Server_2074138841 8
11:31:12 INFO listen#52712 Server_2074138841 8
11:31:13 INFO listen#36260 Server_1240068875 8
11:31:15 INFO listen#32978 Server_2074138841 8
11:31:16 INFO listen#41846 Server_40113386 8
11:31:16 INFO listen#41226 Server_40113386 8
11:31:16 INFO listen#49306 Server_3456558795 8
11:31:17 INFO listen#52712 Server_2074138841 8
11:31:18 INFO listen#42374 Server_40113386 8
11:31:18 INFO listen#36018 Server_1240068875 8
11:31:19 INFO listen#36018 Server_1240068875 8
11:31:19 INFO listen#40984 Server_40113386 8
11:31:20 INFO listen#52712 Server_2074138841 8
11:31:21 INFO listen#35752 Server_1240068875 8
11:31:21 INFO listen#48986 Server_3456558795 8
11:31:21 INFO listen#38724 Server_1240068875 8
11:31:21 INFO listen#32978 Server_2074138841 8
11:31:22 INFO listen#41846 Server_40113386 8
11:31:23 INFO listen#36018 Server_1240068875 8
11:31:23 INFO listen#52712 Server_2074138841 8
11:31:23 INFO listen#40984 Server_40113386 8
11:31:24 INFO listen#41534 Server_40113386 8
11:31:25 INFO listen#52712 Server_2074138841 8
11:31:26 INFO listen#52398 Server_2074138841 8
11:31:26 INFO listen#42374 Server_40113386 8
11:31:26 INFO listen#36558 Server_1240068875 8
11:31:26 INFO listen#56318 Server_2074138841 8
11:31:26 INFO listen#42114 Server_40113386 8
11:31:27 INFO listen#35068 Server_3456558795 8
11:31:27 INFO listen#32978 Server_2074138841 8
11:31:27 INFO listen#43608 Server_3456558795 8
11:31:28 INFO listen#32978 Server_2074138841 8
11:31:28 INFO listen#43608 Server_3456558795 8
11:31:29 INFO listen#48986 Server_3456558795 8
11:31:29 INFO listen#35752 Server_1240068875 8
11:31:29 INFO listen#32978 Server_2074138841 8
11:31:29 INFO listen#52712 Server_2074138841 8
11:31:30 INFO listen#39040 Server_1240068875 8
11:31:31 INFO listen#52398 Server_2074138841 8
11:31:32 INFO listen#35752 Server_1240068875 8
11:31:32 INFO listen#60898 Server_2074138841 8
11:31:32 INFO listen#52712 Server_2074138841 8
11:31:32 INFO listen#43312 Server_3456558795 8
11:31:30 INFO listen#36558 Server_1240068875 8
11:31:32 INFO listen#39040 Server_1240068875 8
11:31:34 INFO listen#48986 Server_3456558795 8
11:31:35 INFO listen#36260 Server_1240068875 8
11:31:35 INFO listen#48986 Server_3456558795 8
11:31:35 INFO listen#36558 Server_1240068875 8
11:31:35 INFO listen#43608 Server_3456558795 8
11:31:36 INFO listen#40984 Server_40113386 8
11:31:36 INFO listen#41226 Server_40113386 8
11:31:36 INFO listen#33148 Server_2074138841 8
11:31:36 INFO listen#43312 Server_3456558795 8
11:31:37 INFO listen#41534 Server_40113386 8
11:31:37 INFO listen#43312 Server_3456558795 8
11:31:38 INFO listen#36018 Server_1240068875 8
11:31:38 INFO listen#33148 Server_2074138841 8
11:31:38 INFO listen#36558 Server_1240068875 8
11:31:38 INFO listen#48776 Server_40113386 8
11:31:39 INFO listen#40984 Server_40113386 8
11:31:39 INFO listen#44718 Server_1240068875 8
11:31:40 INFO listen#42374 Server_40113386 8
11:31:40 INFO listen#32978 Server_2074138841 8
11:31:41 INFO listen#38724 Server_1240068875 8
11:31:41 INFO listen#35752 Server_1240068875 8
11:31:41 INFO listen#48776 Server_40113386 8
11:31:42 INFO listen#56318 Server_2074138841 8
11:31:42 INFO listen#34736 Server_3456558795 8
11:31:42 INFO listen#42114 Server_40113386 8
11:31:43 INFO listen#41226 Server_40113386 8
11:31:44 INFO listen#36018 Server_1240068875 8
11:31:44 INFO listen#35752 Server_1240068875 8
11:31:44 INFO listen#41226 Server_40113386 8
11:31:44 INFO listen#44718 Server_1240068875 8
11:31:45 INFO listen#34804 Server_3456558795 8
11:31:45 INFO listen#49306 Server_3456558795 8
11:31:45 INFO listen#52712 Server_2074138841 8
11:31:45 INFO listen#33462 Server_2074138841 8
11:31:46 INFO listen#35068 Server_3456558795 8
11:31:46 INFO listen#44718 Server_1240068875 8
11:31:47 INFO listen#49306 Server_3456558795 8
11:31:47 INFO listen#36018 Server_1240068875 8
11:31:47 INFO listen#43608 Server_3456558795 8
11:31:48 INFO listen#52398 Server_2074138841 8
11:31:48 INFO listen#42374 Server_40113386 8
11:31:49 INFO listen#36018 Server_1240068875 8
11:31:49 INFO listen#35752 Server_1240068875 8
11:31:49 INFO listen#41226 Server_40113386 8
11:31:49 INFO listen#48776 Server_40113386 8
11:31:50 INFO listen#48776 Server_40113386 8
11:31:51 INFO listen#42374 Server_40113386 8
11:31:52 INFO listen#52398 Server_2074138841 8
11:31:52 INFO listen#32978 Server_2074138841 8
11:31:52 INFO listen#35068 Server_3456558795 8
11:31:52 INFO listen#33462 Server_2074138841 8
11:31:53 INFO listen#43608 Server_3456558795 8
11:31:54 INFO listen#52398 Server_2074138841 8
11:31:54 INFO listen#33462 Server_2074138841 8
11:31:55 INFO listen#34804 Server_3456558795 8
11:31:55 INFO listen#33462 Server_2074138841 8
11:31:56 INFO listen#34804 Server_3456558795 8
11:31:56 INFO listen#41846 Server_40113386 8
11:31:56 INFO listen#33148 Server_2074138841 8
11:31:56 INFO listen#41226 Server_40113386 8
11:31:56 INFO listen#43312 Server_3456558795 8
11:31:57 INFO listen#36260 Server_1240068875 8
11:31:57 INFO listen#39040 Server_1240068875 8
11:31:57 INFO listen#41846 Server_40113386 8
11:31:58 INFO listen#36260 Server_1240068875 8
11:31:58 INFO listen#39040 Server_1240068875 8
11:31:58 INFO listen#41846 Server_40113386 8
11:31:58 INFO listen#35068 Server_3456558795 8
11:31:59 INFO listen#40984 Server_40113386 8
11:31:59 INFO listen#49306 Server_3456558795 8
11:32:00 INFO listen#48986 Server_3456558795 8
11:32:00 INFO listen#35752 Server_1240068875 8
11:32:01 INFO listen#42374 Server_40113386 8
11:31:59 INFO listen#41226 Server_40113386 8
11:32:00 INFO listen#48776 Server_40113386 8
11:32:00 INFO listen#41534 Server_40113386 8
11:32:00 INFO listen#42374 Server_40113386 8
11:32:02 INFO listen#36260 Server_1240068875 8
11:32:02 INFO listen#60898 Server_2074138841 8
11:32:02 INFO listen#41846 Server_40113386 8
11:32:02 INFO listen#33148 Server_2074138841 8
11:32:03 INFO listen#60898 Server_2074138841 8
11:32:03 INFO listen#33148 Server_2074138841 8
11:32:03 INFO listen#35068 Server_3456558795 8
11:32:04 INFO listen#36018 Server_1240068875 8
11:32:04 INFO listen#34736 Server_3456558795 8
11:32:05 INFO listen#52398 Server_2074138841 8
11:32:06 INFO listen#48776 Server_40113386 8
11:32:06 INFO listen#36558 Server_1240068875 8
11:32:06 INFO listen#35068 Server_3456558795 8
11:32:07 INFO listen#42114 Server_40113386 8
11:32:07 INFO listen#38724 Server_1240068875 8
11:32:08 INFO listen#41846 Server_40113386 8
11:32:10 INFO listen#33462 Server_2074138841 8
11:32:10 INFO listen#39040 Server_1240068875 8
11:32:10 INFO listen#35752 Server_1240068875 8
11:32:10 INFO listen#38724 Server_1240068875 8
11:32:11 INFO listen#52712 Server_2074138841 8
11:32:11 INFO listen#41846 Server_40113386 8
11:32:11 INFO listen#38724 Server_1240068875 8
11:32:12 INFO listen#33148 Server_2074138841 8
11:32:12 INFO listen#41226 Server_40113386 8
11:32:13 INFO listen#52712 Server_2074138841 8
11:32:13 INFO listen#41534 Server_40113386 8
11:32:14 INFO listen#42374 Server_40113386 8
11:32:14 INFO listen#52398 Server_2074138841 8
11:32:15 INFO listen#44718 Server_1240068875 8
11:32:15 INFO listen#39040 Server_1240068875 8
11:32:16 INFO listen#42374 Server_40113386 8
11:32:16 INFO listen#34804 Server_3456558795 8
11:32:17 INFO listen#33462 Server_2074138841 8
11:32:18 INFO listen#33462 Server_2074138841 8
11:32:18 INFO listen#52398 Server_2074138841 8
11:32:18 INFO listen#39040 Server_1240068875 8
11:32:18 INFO listen#35068 Server_3456558795 8
11:32:20 INFO listen#44718 Server_1240068875 8
11:32:20 INFO listen#36260 Server_1240068875 8
11:32:21 INFO listen#42374 Server_40113386 8
11:32:21 INFO listen#34804 Server_3456558795 8
11:32:22 INFO listen#32978 Server_2074138841 8
11:32:22 INFO listen#48986 Server_3456558795 8
11:32:22 INFO listen#60898 Server_2074138841 8
11:32:23 INFO listen#32978 Server_2074138841 8
11:32:23 INFO listen#52712 Server_2074138841 8
11:32:23 INFO listen#35752 Server_1240068875 8
11:32:24 INFO listen#56318 Server_2074138841 8
11:32:24 INFO listen#36018 Server_1240068875 8
11:32:25 INFO listen#56318 Server_2074138841 8
11:32:25 INFO listen#43312 Server_3456558795 8
11:32:25 INFO listen#41534 Server_40113386 8
11:32:26 INFO listen#41226 Server_40113386 8
11:32:26 INFO listen#44718 Server_1240068875 8
11:32:26 INFO listen#43312 Server_3456558795 8
11:32:27 INFO listen#32978 Server_2074138841 8
11:32:27 INFO listen#42114 Server_40113386 8
11:32:27 INFO listen#36018 Server_1240068875 8
11:32:28 INFO listen#36260 Server_1240068875 8
11:32:29 INFO listen#43608 Server_3456558795 8
11:32:29 INFO listen#60898 Server_2074138841 8
11:32:30 INFO listen#36558 Server_1240068875 8
11:32:30 INFO listen#48776 Server_40113386 8
11:32:30 INFO listen#42374 Server_40113386 8
11:32:30 INFO listen#52398 Server_2074138841 8
11:32:31 INFO listen#41226 Server_40113386 8
11:32:29 INFO listen#39040 Server_1240068875 8
11:32:29 INFO listen#32978 Server_2074138841 8
11:32:29 INFO listen#35752 Server_1240068875 8
11:32:30 INFO listen#56318 Server_2074138841 8
11:32:31 INFO listen#41846 Server_40113386 8
11:32:31 INFO listen#32978 Server_2074138841 8
11:32:31 INFO listen#43608 Server_3456558795 8
11:32:32 INFO listen#49306 Server_3456558795 8
11:32:32 INFO listen#36018 Server_1240068875 8
11:32:32 INFO listen#52712 Server_2074138841 8
11:32:34 INFO listen#48776 Server_40113386 8
11:32:35 INFO listen#39040 Server_1240068875 8
11:32:35 INFO listen#41846 Server_40113386 8
11:32:35 INFO listen#38724 Server_1240068875 8
11:32:36 INFO listen#42114 Server_40113386 8
11:32:37 INFO listen#52712 Server_2074138841 8
11:32:38 INFO listen#56318 Server_2074138841 8
11:32:38 INFO listen#44718 Server_1240068875 8
11:32:38 INFO listen#33148 Server_2074138841 8
11:32:39 INFO listen#41534 Server_40113386 8
11:32:39 INFO listen#38724 Server_1240068875 8
11:32:39 INFO listen#42374 Server_40113386 8
11:32:42 INFO listen#41846 Server_40113386 8
11:32:42 INFO listen#41534 Server_40113386 8
11:32:42 INFO listen#56318 Server_2074138841 8
11:32:42 INFO listen#34736 Server_3456558795 8
11:32:43 INFO listen#34804 Server_3456558795 8
11:32:43 INFO listen#60898 Server_2074138841 8
11:32:43 INFO listen#32978 Server_2074138841 8
11:32:43 INFO listen#35752 Server_1240068875 8
11:32:44 INFO listen#34736 Server_3456558795 8
11:32:45 INFO listen#36260 Server_1240068875 8
11:32:45 INFO listen#49306 Server_3456558795 8
11:32:45 INFO listen#38724 Server_1240068875 8
11:32:45 INFO listen#43312 Server_3456558795 8
11:32:46 INFO listen#52712 Server_2074138841 8
11:32:47 INFO listen#60898 Server_2074138841 8
11:32:47 INFO listen#56318 Server_2074138841 8
11:32:47 INFO listen#42114 Server_40113386 8
11:32:48 INFO listen#35752 Server_1240068875 8
11:32:49 INFO listen#36260 Server_1240068875 8
11:32:49 INFO listen#32978 Server_2074138841 8
11:32:49 INFO listen#33462 Server_2074138841 8
11:32:50 INFO listen#60898 Server_2074138841 8
11:32:50 INFO listen#56318 Server_2074138841 8
11:32:50 INFO listen#52712 Server_2074138841 8
11:32:52 INFO listen#36018 Server_1240068875 8
11:32:52 INFO listen#35068 Server_3456558795 8
11:32:53 INFO listen#39040 Server_1240068875 8
11:32:53 INFO listen#35752 Server_1240068875 8
11:32:53 INFO listen#52712 Server_2074138841 8
11:32:54 INFO listen#34804 Server_3456558795 8
11:32:54 INFO listen#33148 Server_2074138841 8
11:32:54 INFO listen#33462 Server_2074138841 8
11:32:55 INFO listen#48986 Server_3456558795 8
11:32:55 INFO listen#49306 Server_3456558795 8
11:32:55 INFO listen#32978 Server_2074138841 8
11:32:56 INFO listen#41226 Server_40113386 8
11:32:56 INFO listen#35752 Server_1240068875 8
11:32:56 INFO listen#43608 Server_3456558795 8
11:32:57 INFO listen#60898 Server_2074138841 8
11:32:57 INFO listen#35068 Server_3456558795 8
11:32:57 INFO listen#34736 Server_3456558795 8
11:32:59 INFO listen#34736 Server_3456558795 8
11:33:00 INFO listen#48986 Server_3456558795 8
11:33:00 INFO listen#60898 Server_2074138841 8
11:33:00 INFO listen#38724 Server_1240068875 8
11:33:00 INFO listen#43608 Server_3456558795 8
11:32:59 INFO listen#35752 Server_1240068875 8
11:33:00 INFO listen#32978 Server_2074138841 8
11:33:01 INFO listen#35068 Server_3456558795 8
11:33:01 INFO listen#35752 Server_1240068875 8
11:33:02 INFO listen#42114 Server_40113386 8
11:33:03 INFO listen#52712 Server_2074138841 8
11:33:03 INFO listen#52398 Server_2074138841 8
11:33:04 INFO listen#48986 Server_3456558795 8
11:33:04 INFO listen#39040 Server_1240068875 8
11:33:06 INFO listen#33462 Server_2074138841 8
11:33:06 INFO listen#35068 Server_3456558795 8
11:33:07 INFO listen#36260 Server_1240068875 8
11:33:07 INFO listen#49306 Server_3456558795 8
11:33:07 INFO listen#36018 Server_1240068875 8
11:33:08 INFO listen#49306 Server_3456558795 8
11:33:08 INFO listen#41226 Server_40113386 8
11:33:08 INFO listen#42374 Server_40113386 8
11:33:09 INFO listen#48776 Server_40113386 8
11:33:10 INFO listen#40984 Server_40113386 8
11:33:11 INFO listen#43312 Server_3456558795 8
11:33:11 INFO listen#35752 Server_1240068875 8
11:33:11 INFO listen#39040 Server_1240068875 8
11:33:11 INFO listen#41226 Server_40113386 8
11:33:12 INFO listen#48776 Server_40113386 8
11:33:12 INFO listen#56318 Server_2074138841 8
11:33:13 INFO listen#60898 Server_2074138841 8
11:33:13 INFO listen#34736 Server_3456558795 8
11:33:13 INFO listen#35068 Server_3456558795 8
11:33:14 INFO listen#35752 Server_1240068875 8
11:33:14 INFO listen#34736 Server_3456558795 8
11:33:15 INFO listen#52712 Server_2074138841 8
11:33:15 INFO listen#36018 Server_1240068875 8
11:33:16 INFO listen#42114 Server_40113386 8
11:33:16 INFO listen#56318 Server_2074138841 8
11:33:17 INFO listen#33148 Server_2074138841 8
11:33:17 INFO listen#56318 Server_2074138841 8
11:33:18 INFO listen#42114 Server_40113386 8
11:33:18 INFO listen#41534 Server_40113386 8
11:33:18 INFO listen#34736 Server_3456558795 8
11:33:20 INFO listen#43608 Server_3456558795 8
11:33:20 INFO listen#40984 Server_40113386 8
11:33:22 INFO listen#48986 Server_3456558795 8
11:33:22 INFO listen#32978 Server_2074138841 8
11:33:23 INFO listen#43312 Server_3456558795 8
11:33:23 INFO listen#52712 Server_2074138841 8
11:33:23 INFO listen#49306 Server_3456558795 8
11:33:23 INFO listen#48986 Server_3456558795 8
11:33:24 INFO listen#34804 Server_3456558795 8
11:33:24 INFO listen#49306 Server_3456558795 8
11:33:25 INFO listen#33462 Server_2074138841 8
11:33:25 INFO listen#52712 Server_2074138841 8
11:33:25 INFO listen#42374 Server_40113386 8
11:33:25 INFO listen#60898 Server_2074138841 8
11:33:26 INFO listen#36260 Server_1240068875 8
11:33:26 INFO listen#39040 Server_1240068875 8
11:33:26 INFO listen#41846 Server_40113386 8
11:33:26 INFO listen#36558 Server_1240068875 8
11:33:27 INFO listen#35752 Server_1240068875 8
11:33:27 INFO listen#56318 Server_2074138841 8
11:33:28 INFO listen#41846 Server_40113386 8
11:33:29 INFO listen#49306 Server_3456558795 8
11:33:30 INFO listen#42374 Server_40113386 8
11:33:28 INFO listen#56318 Server_2074138841 8
11:33:28 INFO listen#48776 Server_40113386 8
11:33:29 INFO listen#35068 Server_3456558795 8
11:33:29 INFO listen#60898 Server_2074138841 8
11:33:29 INFO listen#36018 Server_1240068875 8
11:33:30 INFO listen#44718 Server_1240068875 8
11:33:30 INFO listen#49306 Server_3456558795 8
11:33:31 INFO listen#33148 Server_2074138841 8
11:33:31 INFO listen#52398 Server_2074138841 8
11:33:32 INFO listen#38724 Server_1240068875 8
11:33:32 INFO listen#36260 Server_1240068875 8
11:33:33 INFO listen#33462 Server_2074138841 8
11:33:33 INFO listen#39040 Server_1240068875 8
11:33:35 INFO listen#38724 Server_1240068875 8
11:33:35 INFO listen#34736 Server_3456558795 8
11:33:35 INFO listen#41534 Server_40113386 8
11:33:35 INFO listen#52398 Server_2074138841 8
11:33:38 INFO listen#36558 Server_1240068875 8
11:33:38 INFO listen#52712 Server_2074138841 8
11:33:39 INFO listen#48986 Server_3456558795 8
11:33:39 INFO listen#39040 Server_1240068875 8
11:33:41 INFO listen#35068 Server_3456558795 8
11:33:42 INFO listen#39040 Server_1240068875 8
11:33:43 INFO listen#42114 Server_40113386 8
11:33:43 INFO listen#48776 Server_40113386 8
11:33:44 INFO listen#32978 Server_2074138841 8
11:33:44 INFO listen#34804 Server_3456558795 8
11:33:45 INFO listen#43312 Server_3456558795 8
11:33:45 INFO listen#40984 Server_40113386 8
11:33:45 INFO listen#44718 Server_1240068875 8
11:33:45 INFO listen#49306 Server_3456558795 8
11:33:46 INFO listen#41846 Server_40113386 8
11:33:46 INFO listen#56318 Server_2074138841 8
11:33:46 INFO listen#40984 Server_40113386 8
11:33:47 INFO listen#52712 Server_2074138841 8
11:33:47 INFO listen#56318 Server_2074138841 8
11:33:48 INFO listen#43608 Server_3456558795 8
11:33:48 INFO listen#35752 Server_1240068875 8
11:33:49 INFO listen#36018 Server_1240068875 8
11:33:49 INFO listen#35068 Server_3456558795 8
11:33:50 INFO listen#36018 Server_1240068875 8
11:33:51 INFO listen#52712 Server_2074138841 8
11:33:51 INFO listen#39040 Server_1240068875 8
11:33:51 INFO listen#38724 Server_1240068875 8
11:33:51 INFO listen#33462 Server_2074138841 8
11:33:52 INFO listen#36018 Server_1240068875 8
11:33:53 INFO listen#34804 Server_3456558795 8
11:33:54 INFO listen#60898 Server_2074138841 8
11:33:55 INFO listen#44718 Server_1240068875 8
11:33:56 INFO listen#36558 Server_1240068875 8
11:33:56 INFO listen#35068 Server_3456558795 8
11:33:57 INFO listen#40984 Server_40113386 8
11:33:57 INFO listen#39040 Server_1240068875 8
11:33:57 INFO listen#43608 Server_3456558795 8
11:33:57 INFO listen#33462 Server_2074138841 8
11:33:58 INFO listen#34804 Server_3456558795 8
11:33:58 INFO listen#39040 Server_1240068875 8
11:33:58 INFO listen#36018 Server_1240068875 8
11:33:58 INFO listen#36558 Server_1240068875 8
11:33:58 INFO listen#48776 Server_40113386 8
11:33:59 INFO listen#35068 Server_3456558795 8
11:34:00 INFO listen#60898 Server_2074138841 8
11:33:57 INFO listen#35068 Server_3456558795 8
11:33:57 INFO listen#36558 Server_1240068875 8
11:33:58 INFO listen#42114 Server_40113386 8
11:33:59 INFO listen#35752 Server_1240068875 8
11:34:00 INFO listen#36558 Server_1240068875 8
11:34:00 INFO listen#56318 Server_2074138841 8
11:34:01 INFO listen#36260 Server_1240068875 8
11:34:02 INFO listen#41846 Server_40113386 8
11:34:02 INFO listen#41226 Server_40113386 8
11:34:03 INFO listen#48986 Server_3456558795 8
11:34:03 INFO listen#34736 Server_3456558795 8
11:34:04 INFO listen#41534 Server_40113386 8
11:34:05 INFO listen#34804 Server_3456558795 8
11:34:05 INFO listen#42374 Server_40113386 8
11:34:05 INFO listen#42114 Server_40113386 8
11:34:06 INFO listen#52398 Server_2074138841 8
11:34:06 INFO listen#32978 Server_2074138841 8
11:34:06 INFO listen#35068 Server_3456558795 8
11:34:07 INFO listen#44718 Server_1240068875 8
11:34:08 INFO listen#52398 Server_2074138841 8
11:34:08 INFO listen#33148 Server_2074138841 8
11:34:08 INFO listen#33462 Server_2074138841 8
11:34:09 INFO listen#36260 Server_1240068875 8
11:34:09 INFO listen#32978 Server_2074138841 8
11:34:10 INFO listen#48776 Server_40113386 8
11:34:11 INFO listen#35752 Server_1240068875 8
11:34:11 INFO listen#48776 Server_40113386 8
11:34:13 INFO listen#35068 Server_3456558795 8
11:34:13 INFO listen#52712 Server_2074138841 8
11:34:15 INFO listen#49306 Server_3456558795 8
11:34:16 INFO listen#36018 Server_1240068875 8
11:34:16 INFO listen#52712 Server_2074138841 8
11:34:16 INFO listen#42114 Server_40113386 8
11:34:17 INFO listen#48986 Server_3456558795 8
11:34:17 INFO listen#38724 Server_1240068875 8
11:34:17 INFO listen#42114 Server_40113386 8
11:34:18 INFO listen#39040 Server_1240068875 8
11:34:18 INFO listen#35068 Server_3456558795 8
11:34:18 INFO listen#35752 Server_1240068875 8
11:34:19 INFO listen#34804 Server_3456558795 8
11:34:19 INFO listen#48776 Server_40113386 8
11:34:19 INFO listen#43312 Server_3456558795 8
11:34:20 INFO listen#36018 Server_1240068875 8
11:34:20 INFO listen#38724 Server_1240068875 8
11:34:21 INFO listen#41534 Server_40113386 8
11:34:21 INFO listen#32978 Server_2074138841 8
11:34:21 INFO listen#52712 Server_2074138841 8
11:34:22 INFO listen#32978 Server_2074138841 8
11:34:23 INFO listen#35068 Server_3456558795 8
11:34:24 INFO listen#34804 Server_3456558795 8
11:34:24 INFO listen#34736 Server_3456558795 8
11:34:25 INFO listen#48776 Server_40113386 8
11:34:26 INFO listen#36260 Server_1240068875 8
11:34:26 INFO listen#35068 Server_3456558795 8
11:34:26 INFO listen#32978 Server_2074138841 8
11:34:26 INFO listen#42374 Server_40113386 8
11:34:26 INFO listen#48776 Server_40113386 8
11:34:27 INFO listen#36018 Server_1240068875 8
11:34:28 INFO listen#49306 Server_3456558795 8
11:34:28 INFO listen#35068 Server_3456558795 8
11:34:28 INFO listen#44718 Server_1240068875 8
11:34:28 INFO listen#33462 Server_2074138841 8
11:34:29 INFO listen#36018 Server_1240068875 8
11:34:29 INFO listen#34804 Server_3456558795 8
11:34:29 INFO listen#35068 Server_3456558795 8
11:34:29 INFO listen#34736 Server_3456558795 8
11:34:26 INFO listen#42374 Server_40113386 8
11:34:28 INFO listen#33462 Server_2074138841 8
11:34:28 INFO listen#49306 Server_3456558795 8
11:34:28 INFO listen#32978 Server_2074138841 8
11:34:28 INFO listen#44718 Server_1240068875 8
11:34:29 INFO listen#32978 Server_2074138841 8
11:34:30 INFO listen#41846 Server_40113386 8
11:34:31 INFO listen#42114 Server_40113386 8
11:34:31 INFO listen#49306 Server_3456558795 8
11:34:31 INFO listen#48986 Server_3456558795 8
11:34:31 INFO listen#35068 Server_3456558795 8
11:34:32 INFO listen#33462 Server_2074138841 8
11:34:32 INFO listen#36260 Server_1240068875 8
11:34:32 INFO listen#48986 Server_3456558795 8
11:34:32 INFO listen#42374 Server_40113386 8
11:34:33 INFO listen#42114 Server_40113386 8
11:34:33 INFO listen#34804 Server_3456558795 8
11:34:34 INFO listen#32978 Server_2074138841 8
11:34:34 INFO listen#43608 Server_3456558795 8
11:34:36 INFO listen#35752 Server_1240068875 8
11:34:36 INFO listen#43608 Server_3456558795 8
11:34:37 INFO listen#42114 Server_40113386 8
11:34:37 INFO listen#56318 Server_2074138841 8
11:34:37 INFO listen#32978 Server_2074138841 8
11:34:37 INFO listen#35752 Server_1240068875 8
11:34:38 INFO listen#41226 Server_40113386 8
11:34:39 INFO listen#32978 Server_2074138841 8
11:34:40 INFO listen#34736 Server_3456558795 8
11:34:41 INFO listen#33148 Server_2074138841 8
11:34:42 INFO listen#52398 Server_2074138841 8
11:34:42 INFO listen#33148 Server_2074138841 8
11:34:42 INFO listen#52712 Server_2074138841 8
11:34:43 INFO listen#48986 Server_3456558795 8
11:34:44 INFO listen#36558 Server_1240068875 8
11:34:45 INFO listen#49306 Server_3456558795 8
11:34:46 INFO listen#41534 Server_40113386 8
11:34:47 INFO listen#48986 Server_3456558795 8
11:34:47 INFO listen#38724 Server_1240068875 8
11:34:48 INFO listen#60898 Server_2074138841 8
11:34:48 INFO listen#41846 Server_40113386 8
11:34:50 INFO listen#60898 Server_2074138841 8
11:34:50 INFO listen#52398 Server_2074138841 8
11:34:50 INFO listen#35068 Server_3456558795 8
11:34:50 INFO listen#52712 Server_2074138841 8
11:34:51 INFO listen#49306 Server_3456558795 8
11:34:51 INFO listen#41846 Server_40113386 8
11:34:51 INFO listen#34736 Server_3456558795 8
11:34:51 INFO listen#35752 Server_1240068875 8
11:34:52 INFO listen#43608 Server_3456558795 8
11:34:53 INFO listen#38724 Server_1240068875 8
11:34:54 INFO listen#42114 Server_40113386 8
11:34:54 INFO listen#48776 Server_40113386 8
11:34:55 INFO listen#42114 Server_40113386 8
11:34:55 INFO listen#60898 Server_2074138841 8
11:34:55 INFO listen#48776 Server_40113386 8
11:34:57 INFO listen#42114 Server_40113386 8
11:34:57 INFO listen#60898 Server_2074138841 8
11:34:58 INFO listen#34804 Server_3456558795 8
11:34:58 INFO listen#35068 Server_3456558795 8
11:34:56 INFO listen#60898 Server_2074138841 8
11:34:57 INFO listen#43312 Server_3456558795 8
11:34:58 INFO listen#41226 Server_40113386 8
11:34:58 INFO listen#43312 Server_3456558795 8
11:34:58 INFO listen#41534 Server_40113386 8
11:34:59 INFO listen#33148 Server_2074138841 8
11:34:59 INFO listen#41846 Server_40113386 8
11:35:00 INFO listen#41226 Server_40113386 8
11:35:00 INFO listen#41534 Server_40113386 8
11:35:01 INFO listen#36018 Server_1240068875 8
11:35:02 INFO listen#35068 Server_3456558795 8
11:35:02 INFO listen#33462 Server_2074138841 8
11:35:02 INFO listen#49306 Server_3456558795 8
11:35:03 INFO listen#33148 Server_2074138841 8
11:35:04 INFO listen#40984 Server_40113386 8
11:35:04 INFO listen#32978 Server_2074138841 8
11:35:04 INFO listen#33148 Server_2074138841 8
11:35:05 INFO listen#52398 Server_2074138841 8
11:35:05 INFO listen#40984 Server_40113386 8
11:35:05 INFO listen#33148 Server_2074138841 8
11:35:07 INFO listen#49306 Server_3456558795 8
11:35:07 INFO listen#40984 Server_40113386 8
11:35:07 INFO listen#43608 Server_3456558795 8
11:35:08 INFO listen#56318 Server_2074138841 8
11:35:09 INFO listen#35068 Server_3456558795 8
11:35:09 INFO listen#43608 Server_3456558795 8
11:35:10 INFO listen#39040 Server_1240068875 8
11:35:10 INFO listen#34804 Server_3456558795 8
11:35:10 INFO listen#42374 Server_40113386 8
11:35:12 INFO listen#40984 Server_40113386 8
11:35:12 INFO listen#36558 Server_1240068875 8
11:35:12 INFO listen#35752 Server_1240068875 8
11:35:13 INFO listen#44718 Server_1240068875 8
11:35:13 INFO listen#33462 Server_2074138841 8
11:35:14 INFO listen#41534 Server_40113386 8
11:35:14 INFO listen#35068 Server_3456558795 8
11:35:15 INFO listen#41846 Server_40113386 8
11:35:15 INFO listen#60898 Server_2074138841 8
11:35:15 INFO listen#36260 Server_1240068875 8
11:35:16 INFO listen#38724 Server_1240068875 8
11:35:16 INFO listen#48776 Server_40113386 8
11:35:16 INFO listen#32978 Server_2074138841 8
11:35:16 INFO listen#35752 Server_1240068875 8
11:35:17 INFO listen#43608 Server_3456558795 8
11:35:19 INFO listen#39040 Server_1240068875 8
11:35:19 INFO listen#38724 Server_1240068875 8
11:35:20 INFO listen#48986 Server_3456558795 8
11:35:20 INFO listen#41226 Server_40113386 8
11:35:20 INFO listen#43608 Server_3456558795 8
11:35:20 INFO listen#42374 Server_40113386 8
11:35:22 INFO listen#41534 Server_40113386 8
11:35:22 INFO listen#43608 Server_3456558795 8
11:35:23 INFO listen#41534 Server_40113386 8
11:35:23 INFO listen#38724 Server_1240068875 8
11:35:23 INFO listen#52712 Server_2074138841 8
11:35:23 INFO listen#33462 Server_2074138841 8
11:35:24 INFO listen#41846 Server_40113386 8
11:35:25 INFO listen#48986 Server_3456558795 8
11:35:27 INFO listen#56318 Server_2074138841 8
11:35:27 INFO listen#36558 Server_1240068875 8
11:35:27 INFO listen#44718 Server_1240068875 8
11:35:27 INFO listen#42114 Server_40113386 8
11:35:26 INFO listen#60898 Server_2074138841 8
11:35:26 INFO listen#41226 Server_40113386 8
11:35:26 INFO listen#52712 Server_2074138841 8
11:35:27 INFO listen#42114 Server_40113386 8
11:35:27 INFO listen#41226 Server_40113386 8
11:35:27 INFO listen#34736 Server_3456558795 8
11:35:28 INFO listen#36018 Server_1240068875 8
11:35:28 INFO listen#40984 Server_40113386 8
11:35:29 INFO listen#43312 Server_3456558795 8
11:35:29 INFO listen#39040 Server_1240068875 8
11:35:29 INFO listen#48776 Server_40113386 8
11:35:30 INFO listen#41534 Server_40113386 8
11:35:30 INFO listen#43608 Server_3456558795 8
11:35:30 INFO listen#42374 Server_40113386 8
11:35:31 INFO listen#41534 Server_40113386 8
11:35:31 INFO listen#48986 Server_3456558795 8
11:35:31 INFO listen#32978 Server_2074138841 8
11:35:32 INFO listen#44718 Server_1240068875 8
11:35:33 INFO listen#39040 Server_1240068875 8
11:35:34 INFO listen#36018 Server_1240068875 8
11:35:34 INFO listen#35068 Server_3456558795 8
11:35:34 INFO listen#44718 Server_1240068875 8
11:35:35 INFO listen#33462 Server_2074138841 8
11:35:35 INFO listen#52398 Server_2074138841 8
11:35:36 INFO listen#36018 Server_1240068875 8
11:35:36 INFO listen#40984 Server_40113386 8
11:35:37 INFO listen#42374 Server_40113386 8
11:35:37 INFO listen#60898 Server_2074138841 8
11:35:37 INFO listen#43312 Server_3456558795 8
11:35:37 INFO listen#44718 Server_1240068875 8
11:35:38 INFO listen#39040 Server_1240068875 8
11:35:38 INFO listen#36558 Server_1240068875 8
11:35:39 INFO listen#33148 Server_2074138841 8
11:35:39 INFO listen#41846 Server_40113386 8
11:35:39 INFO listen#34804 Server_3456558795 8
11:35:39 INFO listen#38724 Server_1240068875 8
11:35:39 INFO listen#43608 Server_3456558795 8
11:35:40 INFO listen#42114 Server_40113386 8
11:35:41 INFO listen#36018 Server_1240068875 8
11:35:41 INFO listen#56318 Server_2074138841 8
11:35:43 INFO listen#48986 Server_3456558795 8
11:35:44 INFO listen#36018 Server_1240068875 8
11:35:44 INFO listen#36260 Server_1240068875 8
11:35:44 INFO listen#56318 Server_2074138841 8
11:35:44 INFO listen#43608 Server_3456558795 8
11:35:44 INFO listen#36558 Server_1240068875 8
11:35:46 INFO listen#42374 Server_40113386 8
11:35:46 INFO listen#33462 Server_2074138841 8
11:35:47 INFO listen#36018 Server_1240068875 8
11:35:48 INFO listen#40984 Server_40113386 8
11:35:49 INFO listen#42374 Server_40113386 8
11:35:49 INFO listen#43312 Server_3456558795 8
11:35:50 INFO listen#41846 Server_40113386 8
11:35:50 INFO listen#41226 Server_40113386 8
11:35:51 INFO listen#42374 Server_40113386 8
11:35:51 INFO listen#39040 Server_1240068875 8
11:35:51 INFO listen#42114 Server_40113386 8
11:35:53 INFO listen#39040 Server_1240068875 8
11:35:53 INFO listen#48986 Server_3456558795 8
11:35:53 INFO listen#43608 Server_3456558795 8
11:35:55 INFO listen#44718 Server_1240068875 8
11:35:55 INFO listen#43312 Server_3456558795 8
11:35:56 INFO listen#49306 Server_3456558795 8
11:35:56 INFO listen#35752 Server_1240068875 8
11:35:56 INFO listen#40984 Server_40113386 8
11:35:56 INFO listen#52712 Server_2074138841 8
11:35:56 INFO listen#34736 Server_3456558795 8
11:35:57 INFO listen#35752 Server_1240068875 8
11:35:57 INFO listen#36558 Server_1240068875 8
11:35:57 INFO listen#43312 Server_3456558795 8
11:35:55 INFO listen#60898 Server_2074138841 8
11:35:56 INFO listen#35752 Server_1240068875 8
11:35:56 INFO listen#36260 Server_1240068875 8
11:35:57 INFO listen#56318 Server_2074138841 8
11:35:57 INFO listen#43608 Server_3456558795 8
11:35:57 INFO listen#36558 Server_1240068875 8
11:35:58 INFO listen#38724 Server_1240068875 8
11:35:58 INFO listen#52712 Server_2074138841 8
11:35:59 INFO listen#60898 Server_2074138841 8
11:35:59 INFO listen#41846 Server_40113386 8
11:35:59 INFO listen#52712 Server_2074138841 8
11:36:00 INFO listen#41846 Server_40113386 8
11:36:00 INFO listen#40984 Server_40113386 8
11:36:00 INFO listen#41226 Server_40113386 8
11:36:01 INFO listen#42374 Server_40113386 8
11:36:02 INFO listen#43312 Server_3456558795 8
11:36:02 INFO listen#49306 Server_3456558795 8
11:36:02 INFO listen#38724 Server_1240068875 8
11:36:02 INFO listen#52712 Server_2074138841 8
11:36:03 INFO listen#41846 Server_40113386 8
11:36:04 INFO listen#33462 Server_2074138841 8
11:36:05 INFO listen#43312 Server_3456558795 8
11:36:05 INFO listen#35752 Server_1240068875 8
11:36:05 INFO listen#40984 Server_40113386 8
11:36:05 INFO listen#52712 Server_2074138841 8
11:36:07 INFO listen#43312 Server_3456558795 8
11:36:07 INFO listen#60898 Server_2074138841 8
11:36:08 INFO listen#33462 Server_2074138841 8
11:36:08 INFO listen#36260 Server_1240068875 8
11:36:09 INFO listen#42114 Server_40113386 8
11:36:09 INFO listen#49306 Server_3456558795 8
11:36:09 INFO listen#33148 Server_2074138841 8
11:36:09 INFO listen#48986 Server_3456558795 8
11:36:09 INFO listen#44718 Server_1240068875 8
11:36:10 INFO listen#42114 Server_40113386 8
